valid_partial_mode: 0
Start loading the data....
  - Found cached train data
  - Found cached valid data
  - Found cached test data
Finish loading the data....
768 74 35
Epoch  1 | Batch  30/680 | Time/Batch(ms) 428.95 | Train Loss 0.9899
Epoch  1 | Batch  60/680 | Time/Batch(ms) 337.79 | Train Loss 0.8309
Epoch  1 | Batch  90/680 | Time/Batch(ms) 312.12 | Train Loss 0.7445
Epoch  1 | Batch 120/680 | Time/Batch(ms) 309.38 | Train Loss 0.6884
Epoch  1 | Batch 150/680 | Time/Batch(ms) 317.27 | Train Loss 0.7527
Epoch  1 | Batch 180/680 | Time/Batch(ms) 346.79 | Train Loss 0.7207
Epoch  1 | Batch 210/680 | Time/Batch(ms) 359.31 | Train Loss 0.6916
Epoch  1 | Batch 240/680 | Time/Batch(ms) 322.64 | Train Loss 0.6868
Epoch  1 | Batch 270/680 | Time/Batch(ms) 336.42 | Train Loss 0.6391
Epoch  1 | Batch 300/680 | Time/Batch(ms) 365.89 | Train Loss 0.6521
Epoch  1 | Batch 330/680 | Time/Batch(ms) 366.03 | Train Loss 0.6635
Epoch  1 | Batch 360/680 | Time/Batch(ms) 364.47 | Train Loss 0.6576
Epoch  1 | Batch 390/680 | Time/Batch(ms) 360.23 | Train Loss 0.6365
Epoch  1 | Batch 420/680 | Time/Batch(ms) 335.38 | Train Loss 0.6740
Epoch  1 | Batch 450/680 | Time/Batch(ms) 337.85 | Train Loss 0.6289
Epoch  1 | Batch 480/680 | Time/Batch(ms) 333.09 | Train Loss 0.6623
Epoch  1 | Batch 510/680 | Time/Batch(ms) 334.07 | Train Loss 0.6389
Epoch  1 | Batch 540/680 | Time/Batch(ms) 356.10 | Train Loss 0.6357
Epoch  1 | Batch 570/680 | Time/Batch(ms) 331.34 | Train Loss 0.6594
Epoch  1 | Batch 600/680 | Time/Batch(ms) 336.34 | Train Loss 0.6499
Epoch  1 | Batch 630/680 | Time/Batch(ms) 340.40 | Train Loss 0.6302
Epoch  1 | Batch 660/680 | Time/Batch(ms) 340.80 | Train Loss 0.6285
--------------------------------------------------
Epoch  1 | Time 265.8909 sec | Valid Loss 0.5828 | Test Loss 0.6098
--------------------------------------------------
Saved model at pre_trained_models/mult.pt!
MAE:  0.6098195
Correlation Coefficient:  0.7028465207886169
mult_acc_7:  0.49323889246619446
mult_acc_5:  0.5052586391929599
F1 score:  0.8335802126810384
Accuracy:  0.8343423225096313
--------------------------------------------------
Epoch  2 | Batch  30/680 | Time/Batch(ms) 340.58 | Train Loss 0.6277
Epoch  2 | Batch  60/680 | Time/Batch(ms) 344.52 | Train Loss 0.6163
Epoch  2 | Batch  90/680 | Time/Batch(ms) 331.15 | Train Loss 0.5985
Epoch  2 | Batch 120/680 | Time/Batch(ms) 358.39 | Train Loss 0.5770
Epoch  2 | Batch 150/680 | Time/Batch(ms) 358.28 | Train Loss 0.6580
Epoch  2 | Batch 180/680 | Time/Batch(ms) 338.07 | Train Loss 0.6045
Epoch  2 | Batch 210/680 | Time/Batch(ms) 326.06 | Train Loss 0.5986
Epoch  2 | Batch 240/680 | Time/Batch(ms) 326.23 | Train Loss 0.5881
Epoch  2 | Batch 270/680 | Time/Batch(ms) 338.66 | Train Loss 0.5887
Epoch  2 | Batch 300/680 | Time/Batch(ms) 329.56 | Train Loss 0.5997
Epoch  2 | Batch 330/680 | Time/Batch(ms) 332.99 | Train Loss 0.5992
Epoch  2 | Batch 360/680 | Time/Batch(ms) 342.63 | Train Loss 0.6024
Epoch  2 | Batch 390/680 | Time/Batch(ms) 340.52 | Train Loss 0.6111
Epoch  2 | Batch 420/680 | Time/Batch(ms) 339.32 | Train Loss 0.6065
Epoch  2 | Batch 450/680 | Time/Batch(ms) 337.84 | Train Loss 0.6088
Epoch  2 | Batch 480/680 | Time/Batch(ms) 339.14 | Train Loss 0.6305
Epoch  2 | Batch 510/680 | Time/Batch(ms) 335.84 | Train Loss 0.6214
Epoch  2 | Batch 540/680 | Time/Batch(ms) 337.07 | Train Loss 0.5956
Epoch  2 | Batch 570/680 | Time/Batch(ms) 339.77 | Train Loss 0.6175
Epoch  2 | Batch 600/680 | Time/Batch(ms) 341.04 | Train Loss 0.5909
Epoch  2 | Batch 630/680 | Time/Batch(ms) 336.37 | Train Loss 0.6147
Epoch  2 | Batch 660/680 | Time/Batch(ms) 337.35 | Train Loss 0.6129
--------------------------------------------------
Epoch  2 | Time 262.4040 sec | Valid Loss 0.5629 | Test Loss 0.5849
--------------------------------------------------
Saved model at pre_trained_models/mult.pt!
MAE:  0.5849464
Correlation Coefficient:  0.7209781745827388
mult_acc_7:  0.5123417042283752
mult_acc_5:  0.5226443442798884
F1 score:  0.8271251605582731
Accuracy:  0.817831590533847
--------------------------------------------------
Epoch  3 | Batch  30/680 | Time/Batch(ms) 351.04 | Train Loss 0.5654
Epoch  3 | Batch  60/680 | Time/Batch(ms) 332.10 | Train Loss 0.5889
Epoch  3 | Batch  90/680 | Time/Batch(ms) 335.76 | Train Loss 0.6130
Epoch  3 | Batch 120/680 | Time/Batch(ms) 338.45 | Train Loss 0.5966
Epoch  3 | Batch 150/680 | Time/Batch(ms) 329.51 | Train Loss 0.5422
Epoch  3 | Batch 180/680 | Time/Batch(ms) 333.60 | Train Loss 0.6016
Epoch  3 | Batch 210/680 | Time/Batch(ms) 358.90 | Train Loss 0.5901
Epoch  3 | Batch 240/680 | Time/Batch(ms) 340.97 | Train Loss 0.5794
Epoch  3 | Batch 270/680 | Time/Batch(ms) 313.69 | Train Loss 0.5697
Epoch  3 | Batch 300/680 | Time/Batch(ms) 312.01 | Train Loss 0.6016
Epoch  3 | Batch 330/680 | Time/Batch(ms) 309.82 | Train Loss 0.5695
Epoch  3 | Batch 360/680 | Time/Batch(ms) 320.98 | Train Loss 0.5985
Epoch  3 | Batch 390/680 | Time/Batch(ms) 322.60 | Train Loss 0.6570
Epoch  3 | Batch 420/680 | Time/Batch(ms) 323.51 | Train Loss 0.5504
Epoch  3 | Batch 450/680 | Time/Batch(ms) 332.74 | Train Loss 0.6192
Epoch  3 | Batch 480/680 | Time/Batch(ms) 343.83 | Train Loss 0.5720
Epoch  3 | Batch 510/680 | Time/Batch(ms) 369.47 | Train Loss 0.6277
Epoch  3 | Batch 540/680 | Time/Batch(ms) 354.20 | Train Loss 0.6055
Epoch  3 | Batch 570/680 | Time/Batch(ms) 343.70 | Train Loss 0.6259
Epoch  3 | Batch 600/680 | Time/Batch(ms) 354.25 | Train Loss 0.5980
Epoch  3 | Batch 630/680 | Time/Batch(ms) 337.88 | Train Loss 0.6283
Epoch  3 | Batch 660/680 | Time/Batch(ms) 339.14 | Train Loss 0.5300
--------------------------------------------------
Epoch  3 | Time 260.6294 sec | Valid Loss 0.5974 | Test Loss 0.6133
--------------------------------------------------
MAE:  0.6132654
Correlation Coefficient:  0.7093291920278384
mult_acc_7:  0.5011805108392359
mult_acc_5:  0.5181369392573514
F1 score:  0.7720012182698176
Accuracy:  0.7757292239955972
--------------------------------------------------
Epoch  4 | Batch  30/680 | Time/Batch(ms) 347.46 | Train Loss 0.6358
Epoch  4 | Batch  60/680 | Time/Batch(ms) 338.43 | Train Loss 0.5590
Epoch  4 | Batch  90/680 | Time/Batch(ms) 338.82 | Train Loss 0.6137
Epoch  4 | Batch 120/680 | Time/Batch(ms) 349.76 | Train Loss 0.5901
Epoch  4 | Batch 150/680 | Time/Batch(ms) 338.63 | Train Loss 0.5969
Epoch  4 | Batch 180/680 | Time/Batch(ms) 328.68 | Train Loss 0.5787
Epoch  4 | Batch 210/680 | Time/Batch(ms) 324.98 | Train Loss 0.5599
Epoch  4 | Batch 240/680 | Time/Batch(ms) 332.44 | Train Loss 0.5739
Epoch  4 | Batch 270/680 | Time/Batch(ms) 335.67 | Train Loss 0.5576
Epoch  4 | Batch 300/680 | Time/Batch(ms) 338.93 | Train Loss 0.5943
Epoch  4 | Batch 330/680 | Time/Batch(ms) 339.42 | Train Loss 0.6149
Epoch  4 | Batch 360/680 | Time/Batch(ms) 338.54 | Train Loss 0.5572
Epoch  4 | Batch 390/680 | Time/Batch(ms) 337.33 | Train Loss 0.6171
Epoch  4 | Batch 420/680 | Time/Batch(ms) 347.09 | Train Loss 0.6173
Epoch  4 | Batch 450/680 | Time/Batch(ms) 337.51 | Train Loss 0.5750
Epoch  4 | Batch 480/680 | Time/Batch(ms) 331.36 | Train Loss 0.6309
Epoch  4 | Batch 510/680 | Time/Batch(ms) 337.46 | Train Loss 0.5408
Epoch  4 | Batch 540/680 | Time/Batch(ms) 355.85 | Train Loss 0.5498
Epoch  4 | Batch 570/680 | Time/Batch(ms) 332.68 | Train Loss 0.6046
Epoch  4 | Batch 600/680 | Time/Batch(ms) 337.95 | Train Loss 0.5844
Epoch  4 | Batch 630/680 | Time/Batch(ms) 336.46 | Train Loss 0.5634
Epoch  4 | Batch 660/680 | Time/Batch(ms) 336.36 | Train Loss 0.5955
--------------------------------------------------
Epoch  4 | Time 262.5579 sec | Valid Loss 0.5485 | Test Loss 0.5737
--------------------------------------------------
Saved model at pre_trained_models/mult.pt!
MAE:  0.5737182
Correlation Coefficient:  0.7259407284573497
mult_acc_7:  0.5215711526078558
mult_acc_5:  0.5344494526722473
F1 score:  0.8323436225037969
Accuracy:  0.8241607044578977
--------------------------------------------------
Epoch  5 | Batch  30/680 | Time/Batch(ms) 349.08 | Train Loss 0.5949
Epoch  5 | Batch  60/680 | Time/Batch(ms) 336.55 | Train Loss 0.5564
Epoch  5 | Batch  90/680 | Time/Batch(ms) 336.86 | Train Loss 0.6046
Epoch  5 | Batch 120/680 | Time/Batch(ms) 334.70 | Train Loss 0.5721
Epoch  5 | Batch 150/680 | Time/Batch(ms) 349.12 | Train Loss 0.5653
Epoch  5 | Batch 180/680 | Time/Batch(ms) 349.70 | Train Loss 0.5866
Epoch  5 | Batch 210/680 | Time/Batch(ms) 342.18 | Train Loss 0.6142
Epoch  5 | Batch 240/680 | Time/Batch(ms) 343.74 | Train Loss 0.5632
Epoch  5 | Batch 270/680 | Time/Batch(ms) 340.32 | Train Loss 0.6078
Epoch  5 | Batch 300/680 | Time/Batch(ms) 340.53 | Train Loss 0.5603
Epoch  5 | Batch 330/680 | Time/Batch(ms) 341.28 | Train Loss 0.6302
Epoch  5 | Batch 360/680 | Time/Batch(ms) 338.04 | Train Loss 0.5835
Epoch  5 | Batch 390/680 | Time/Batch(ms) 339.27 | Train Loss 0.5861
Epoch  5 | Batch 420/680 | Time/Batch(ms) 343.94 | Train Loss 0.5799
Epoch  5 | Batch 450/680 | Time/Batch(ms) 340.69 | Train Loss 0.5822
Epoch  5 | Batch 480/680 | Time/Batch(ms) 341.34 | Train Loss 0.6002
Epoch  5 | Batch 510/680 | Time/Batch(ms) 352.44 | Train Loss 0.5754
Epoch  5 | Batch 540/680 | Time/Batch(ms) 342.36 | Train Loss 0.5835
Epoch  5 | Batch 570/680 | Time/Batch(ms) 333.69 | Train Loss 0.5520
Epoch  5 | Batch 600/680 | Time/Batch(ms) 342.29 | Train Loss 0.5679
Epoch  5 | Batch 630/680 | Time/Batch(ms) 356.81 | Train Loss 0.5656
Epoch  5 | Batch 660/680 | Time/Batch(ms) 337.45 | Train Loss 0.5281
--------------------------------------------------
Epoch  5 | Time 265.3646 sec | Valid Loss 0.5418 | Test Loss 0.5653
--------------------------------------------------
Saved model at pre_trained_models/mult.pt!
MAE:  0.5653067
Correlation Coefficient:  0.7375680667796307
mult_acc_7:  0.5284395793088645
mult_acc_5:  0.5436789010517279
F1 score:  0.8039644356711683
Accuracy:  0.8068244358833242
--------------------------------------------------
Epoch  6 | Batch  30/680 | Time/Batch(ms) 362.79 | Train Loss 0.5390
Epoch  6 | Batch  60/680 | Time/Batch(ms) 337.58 | Train Loss 0.5522
Epoch  6 | Batch  90/680 | Time/Batch(ms) 336.55 | Train Loss 0.5924
Epoch  6 | Batch 120/680 | Time/Batch(ms) 339.00 | Train Loss 0.5553
Epoch  6 | Batch 150/680 | Time/Batch(ms) 339.67 | Train Loss 0.6104
Epoch  6 | Batch 180/680 | Time/Batch(ms) 337.61 | Train Loss 0.5639
Epoch  6 | Batch 210/680 | Time/Batch(ms) 339.43 | Train Loss 0.5726
Epoch  6 | Batch 240/680 | Time/Batch(ms) 336.82 | Train Loss 0.5782
Epoch  6 | Batch 270/680 | Time/Batch(ms) 340.88 | Train Loss 0.5567
Epoch  6 | Batch 300/680 | Time/Batch(ms) 340.72 | Train Loss 0.5504
Epoch  6 | Batch 330/680 | Time/Batch(ms) 335.91 | Train Loss 0.5984
Epoch  6 | Batch 360/680 | Time/Batch(ms) 336.88 | Train Loss 0.5799
Epoch  6 | Batch 390/680 | Time/Batch(ms) 349.37 | Train Loss 0.5753
Epoch  6 | Batch 420/680 | Time/Batch(ms) 350.76 | Train Loss 0.5620
Epoch  6 | Batch 450/680 | Time/Batch(ms) 332.15 | Train Loss 0.5917
Epoch  6 | Batch 480/680 | Time/Batch(ms) 334.32 | Train Loss 0.5799
Epoch  6 | Batch 510/680 | Time/Batch(ms) 344.10 | Train Loss 0.5621
Epoch  6 | Batch 540/680 | Time/Batch(ms) 354.68 | Train Loss 0.5623
Epoch  6 | Batch 570/680 | Time/Batch(ms) 341.28 | Train Loss 0.5694
Epoch  6 | Batch 600/680 | Time/Batch(ms) 365.37 | Train Loss 0.5824
Epoch  6 | Batch 630/680 | Time/Batch(ms) 336.08 | Train Loss 0.6016
Epoch  6 | Batch 660/680 | Time/Batch(ms) 335.62 | Train Loss 0.5152
--------------------------------------------------
Epoch  6 | Time 264.5346 sec | Valid Loss 0.5554 | Test Loss 0.5847
--------------------------------------------------
MAE:  0.58474797
Correlation Coefficient:  0.7212083108772469
mult_acc_7:  0.5149173642412535
mult_acc_5:  0.5275810259712385
F1 score:  0.7753215383368123
Accuracy:  0.779031370390754
--------------------------------------------------
Epoch  7 | Batch  30/680 | Time/Batch(ms) 348.91 | Train Loss 0.5427
Epoch  7 | Batch  60/680 | Time/Batch(ms) 337.83 | Train Loss 0.5673
Epoch  7 | Batch  90/680 | Time/Batch(ms) 337.97 | Train Loss 0.5215
Epoch  7 | Batch 120/680 | Time/Batch(ms) 339.40 | Train Loss 0.5840
Epoch  7 | Batch 150/680 | Time/Batch(ms) 335.71 | Train Loss 0.5399
Epoch  7 | Batch 180/680 | Time/Batch(ms) 340.59 | Train Loss 0.5891
Epoch  7 | Batch 210/680 | Time/Batch(ms) 328.53 | Train Loss 0.5415
Epoch  7 | Batch 240/680 | Time/Batch(ms) 325.74 | Train Loss 0.5943
Epoch  7 | Batch 270/680 | Time/Batch(ms) 338.58 | Train Loss 0.5780
Epoch  7 | Batch 300/680 | Time/Batch(ms) 329.05 | Train Loss 0.5681
Epoch  7 | Batch 330/680 | Time/Batch(ms) 334.94 | Train Loss 0.5541
Epoch  7 | Batch 360/680 | Time/Batch(ms) 333.56 | Train Loss 0.5706
Epoch  7 | Batch 390/680 | Time/Batch(ms) 338.44 | Train Loss 0.5248
Epoch  7 | Batch 420/680 | Time/Batch(ms) 337.92 | Train Loss 0.5831
Epoch  7 | Batch 450/680 | Time/Batch(ms) 336.19 | Train Loss 0.5415
Epoch  7 | Batch 480/680 | Time/Batch(ms) 338.18 | Train Loss 0.5632
Epoch  7 | Batch 510/680 | Time/Batch(ms) 337.69 | Train Loss 0.6071
Epoch  7 | Batch 540/680 | Time/Batch(ms) 335.88 | Train Loss 0.5726
Epoch  7 | Batch 570/680 | Time/Batch(ms) 334.99 | Train Loss 0.5498
Epoch  7 | Batch 600/680 | Time/Batch(ms) 339.57 | Train Loss 0.5687
Epoch  7 | Batch 630/680 | Time/Batch(ms) 339.08 | Train Loss 0.5622
Epoch  7 | Batch 660/680 | Time/Batch(ms) 335.36 | Train Loss 0.5720
--------------------------------------------------
Epoch  7 | Time 261.4051 sec | Valid Loss 0.5357 | Test Loss 0.5640
--------------------------------------------------
Saved model at pre_trained_models/mult.pt!
MAE:  0.5640445
Correlation Coefficient:  0.7303612862254053
mult_acc_7:  0.5262931959647993
mult_acc_5:  0.5419617943764756
F1 score:  0.8385562196108413
Accuracy:  0.8392955421023666
--------------------------------------------------
Epoch  8 | Batch  30/680 | Time/Batch(ms) 359.50 | Train Loss 0.5619
Epoch  8 | Batch  60/680 | Time/Batch(ms) 341.88 | Train Loss 0.5355
Epoch  8 | Batch  90/680 | Time/Batch(ms) 340.75 | Train Loss 0.5686
Epoch  8 | Batch 120/680 | Time/Batch(ms) 341.57 | Train Loss 0.5650
Epoch  8 | Batch 150/680 | Time/Batch(ms) 349.88 | Train Loss 0.5767
Epoch  8 | Batch 180/680 | Time/Batch(ms) 365.69 | Train Loss 0.5667
Epoch  8 | Batch 210/680 | Time/Batch(ms) 367.79 | Train Loss 0.5576
Epoch  8 | Batch 240/680 | Time/Batch(ms) 367.80 | Train Loss 0.5522
Epoch  8 | Batch 270/680 | Time/Batch(ms) 369.13 | Train Loss 0.5457
Epoch  8 | Batch 300/680 | Time/Batch(ms) 336.40 | Train Loss 0.5505
Epoch  8 | Batch 330/680 | Time/Batch(ms) 331.24 | Train Loss 0.5419
Epoch  8 | Batch 360/680 | Time/Batch(ms) 330.64 | Train Loss 0.5663
Epoch  8 | Batch 390/680 | Time/Batch(ms) 328.58 | Train Loss 0.5640
Epoch  8 | Batch 420/680 | Time/Batch(ms) 329.13 | Train Loss 0.5624
Epoch  8 | Batch 450/680 | Time/Batch(ms) 337.86 | Train Loss 0.5288
Epoch  8 | Batch 480/680 | Time/Batch(ms) 325.70 | Train Loss 0.5721
Epoch  8 | Batch 510/680 | Time/Batch(ms) 322.97 | Train Loss 0.5546
Epoch  8 | Batch 540/680 | Time/Batch(ms) 334.63 | Train Loss 0.5676
Epoch  8 | Batch 570/680 | Time/Batch(ms) 340.93 | Train Loss 0.5527
Epoch  8 | Batch 600/680 | Time/Batch(ms) 332.88 | Train Loss 0.5436
Epoch  8 | Batch 630/680 | Time/Batch(ms) 339.79 | Train Loss 0.5361
Epoch  8 | Batch 660/680 | Time/Batch(ms) 337.62 | Train Loss 0.5358
--------------------------------------------------
Epoch  8 | Time 264.3809 sec | Valid Loss 0.5384 | Test Loss 0.5561
--------------------------------------------------
MAE:  0.55607265
Correlation Coefficient:  0.7359276504786365
mult_acc_7:  0.5357372826786864
mult_acc_5:  0.5518351577591758
F1 score:  0.8528696859046564
Accuracy:  0.8514034122179417
--------------------------------------------------
Epoch  9 | Batch  30/680 | Time/Batch(ms) 330.88 | Train Loss 0.5094
Epoch  9 | Batch  60/680 | Time/Batch(ms) 326.51 | Train Loss 0.5350
Epoch  9 | Batch  90/680 | Time/Batch(ms) 335.88 | Train Loss 0.5545
Epoch  9 | Batch 120/680 | Time/Batch(ms) 340.54 | Train Loss 0.5357
Epoch  9 | Batch 150/680 | Time/Batch(ms) 355.48 | Train Loss 0.5220
Epoch  9 | Batch 180/680 | Time/Batch(ms) 341.48 | Train Loss 0.5662
Epoch  9 | Batch 210/680 | Time/Batch(ms) 337.90 | Train Loss 0.5526
Epoch  9 | Batch 240/680 | Time/Batch(ms) 340.74 | Train Loss 0.5505
Epoch  9 | Batch 270/680 | Time/Batch(ms) 339.57 | Train Loss 0.5129
Epoch  9 | Batch 300/680 | Time/Batch(ms) 334.96 | Train Loss 0.5686
Epoch  9 | Batch 330/680 | Time/Batch(ms) 335.30 | Train Loss 0.5413
Epoch  9 | Batch 360/680 | Time/Batch(ms) 332.89 | Train Loss 0.5796
Epoch  9 | Batch 390/680 | Time/Batch(ms) 338.01 | Train Loss 0.5614
Epoch  9 | Batch 420/680 | Time/Batch(ms) 329.88 | Train Loss 0.5527
Epoch  9 | Batch 450/680 | Time/Batch(ms) 308.42 | Train Loss 0.5865
Epoch  9 | Batch 480/680 | Time/Batch(ms) 316.08 | Train Loss 0.5161
Epoch  9 | Batch 510/680 | Time/Batch(ms) 334.04 | Train Loss 0.5377
Epoch  9 | Batch 540/680 | Time/Batch(ms) 333.92 | Train Loss 0.5543
Epoch  9 | Batch 570/680 | Time/Batch(ms) 344.69 | Train Loss 0.5664
Epoch  9 | Batch 600/680 | Time/Batch(ms) 340.34 | Train Loss 0.5455
Epoch  9 | Batch 630/680 | Time/Batch(ms) 336.25 | Train Loss 0.5611
Epoch  9 | Batch 660/680 | Time/Batch(ms) 335.85 | Train Loss 0.5728
--------------------------------------------------
Epoch  9 | Time 260.4624 sec | Valid Loss 0.5359 | Test Loss 0.5528
--------------------------------------------------
MAE:  0.5528349
Correlation Coefficient:  0.7421661149686837
mult_acc_7:  0.535951921013093
mult_acc_5:  0.5529083494312084
F1 score:  0.8501247397348993
Accuracy:  0.8492019812878371
--------------------------------------------------
Epoch 10 | Batch  30/680 | Time/Batch(ms) 350.92 | Train Loss 0.5210
Epoch 10 | Batch  60/680 | Time/Batch(ms) 336.77 | Train Loss 0.5301
Epoch 10 | Batch  90/680 | Time/Batch(ms) 336.05 | Train Loss 0.5529
Epoch 10 | Batch 120/680 | Time/Batch(ms) 337.67 | Train Loss 0.5590
Epoch 10 | Batch 150/680 | Time/Batch(ms) 338.38 | Train Loss 0.5327
Epoch 10 | Batch 180/680 | Time/Batch(ms) 336.85 | Train Loss 0.5402
Epoch 10 | Batch 210/680 | Time/Batch(ms) 336.57 | Train Loss 0.5348
Epoch 10 | Batch 240/680 | Time/Batch(ms) 340.41 | Train Loss 0.5506
Epoch 10 | Batch 270/680 | Time/Batch(ms) 364.51 | Train Loss 0.4892
Epoch 10 | Batch 300/680 | Time/Batch(ms) 366.07 | Train Loss 0.5324
Epoch 10 | Batch 330/680 | Time/Batch(ms) 361.50 | Train Loss 0.5476
Epoch 10 | Batch 360/680 | Time/Batch(ms) 330.35 | Train Loss 0.5424
Epoch 10 | Batch 390/680 | Time/Batch(ms) 339.26 | Train Loss 0.5233
Epoch 10 | Batch 420/680 | Time/Batch(ms) 341.09 | Train Loss 0.5552
Epoch 10 | Batch 450/680 | Time/Batch(ms) 337.95 | Train Loss 0.5530
Epoch 10 | Batch 480/680 | Time/Batch(ms) 339.33 | Train Loss 0.5516
Epoch 10 | Batch 510/680 | Time/Batch(ms) 336.07 | Train Loss 0.5654
Epoch 10 | Batch 540/680 | Time/Batch(ms) 336.47 | Train Loss 0.5640
Epoch 10 | Batch 570/680 | Time/Batch(ms) 336.97 | Train Loss 0.5326
Epoch 10 | Batch 600/680 | Time/Batch(ms) 339.13 | Train Loss 0.5648
Epoch 10 | Batch 630/680 | Time/Batch(ms) 332.87 | Train Loss 0.5481
Epoch 10 | Batch 660/680 | Time/Batch(ms) 350.53 | Train Loss 0.5787
--------------------------------------------------
Epoch 10 | Time 264.6319 sec | Valid Loss 0.5399 | Test Loss 0.5550
--------------------------------------------------
MAE:  0.5550116
Correlation Coefficient:  0.7367014512906949
mult_acc_7:  0.5303713243185233
mult_acc_5:  0.5475423910710453
F1 score:  0.8481174286044438
Accuracy:  0.844799119427628
--------------------------------------------------
Epoch 11 | Batch  30/680 | Time/Batch(ms) 346.33 | Train Loss 0.5199
Epoch 11 | Batch  60/680 | Time/Batch(ms) 349.57 | Train Loss 0.5453
Epoch 11 | Batch  90/680 | Time/Batch(ms) 352.91 | Train Loss 0.5672
Epoch 11 | Batch 120/680 | Time/Batch(ms) 340.72 | Train Loss 0.5516
Epoch 11 | Batch 150/680 | Time/Batch(ms) 339.78 | Train Loss 0.5548
Epoch 11 | Batch 180/680 | Time/Batch(ms) 339.58 | Train Loss 0.5343
Epoch 11 | Batch 210/680 | Time/Batch(ms) 329.37 | Train Loss 0.5308
Epoch 11 | Batch 240/680 | Time/Batch(ms) 311.50 | Train Loss 0.5350
Epoch 11 | Batch 270/680 | Time/Batch(ms) 310.61 | Train Loss 0.5197
Epoch 11 | Batch 300/680 | Time/Batch(ms) 313.38 | Train Loss 0.5384
Epoch 11 | Batch 330/680 | Time/Batch(ms) 310.93 | Train Loss 0.5584
Epoch 11 | Batch 360/680 | Time/Batch(ms) 314.61 | Train Loss 0.5437
Epoch 11 | Batch 390/680 | Time/Batch(ms) 349.87 | Train Loss 0.5634
Epoch 11 | Batch 420/680 | Time/Batch(ms) 347.87 | Train Loss 0.5186
Epoch 11 | Batch 450/680 | Time/Batch(ms) 345.44 | Train Loss 0.5378
Epoch 11 | Batch 480/680 | Time/Batch(ms) 340.80 | Train Loss 0.5354
Epoch 11 | Batch 510/680 | Time/Batch(ms) 335.23 | Train Loss 0.5674
Epoch 11 | Batch 540/680 | Time/Batch(ms) 342.30 | Train Loss 0.5424
Epoch 11 | Batch 570/680 | Time/Batch(ms) 341.74 | Train Loss 0.5287
Epoch 11 | Batch 600/680 | Time/Batch(ms) 340.24 | Train Loss 0.5019
Epoch 11 | Batch 630/680 | Time/Batch(ms) 340.19 | Train Loss 0.5391
Epoch 11 | Batch 660/680 | Time/Batch(ms) 339.04 | Train Loss 0.5605
--------------------------------------------------
Epoch 11 | Time 262.5554 sec | Valid Loss 0.5573 | Test Loss 0.5667
--------------------------------------------------
MAE:  0.5666934
Correlation Coefficient:  0.7341603894881131
mult_acc_7:  0.527795664305645
mult_acc_5:  0.5451813693925736
F1 score:  0.8511764404486296
Accuracy:  0.8497523390203633
--------------------------------------------------
Epoch 12 | Batch  30/680 | Time/Batch(ms) 359.78 | Train Loss 0.5625
Epoch 12 | Batch  60/680 | Time/Batch(ms) 341.09 | Train Loss 0.5373
Epoch 12 | Batch  90/680 | Time/Batch(ms) 337.43 | Train Loss 0.5132
Epoch 12 | Batch 120/680 | Time/Batch(ms) 337.99 | Train Loss 0.5019
Epoch 12 | Batch 150/680 | Time/Batch(ms) 338.32 | Train Loss 0.5547
Epoch 12 | Batch 180/680 | Time/Batch(ms) 336.43 | Train Loss 0.5414
Epoch 12 | Batch 210/680 | Time/Batch(ms) 336.99 | Train Loss 0.5325
Epoch 12 | Batch 240/680 | Time/Batch(ms) 335.44 | Train Loss 0.5519
Epoch 12 | Batch 270/680 | Time/Batch(ms) 332.82 | Train Loss 0.5215
Epoch 12 | Batch 300/680 | Time/Batch(ms) 348.12 | Train Loss 0.5432
Epoch 12 | Batch 330/680 | Time/Batch(ms) 345.26 | Train Loss 0.5548
Epoch 12 | Batch 360/680 | Time/Batch(ms) 336.79 | Train Loss 0.5288
Epoch 12 | Batch 390/680 | Time/Batch(ms) 331.45 | Train Loss 0.5440
Epoch 12 | Batch 420/680 | Time/Batch(ms) 343.82 | Train Loss 0.5266
Epoch 12 | Batch 450/680 | Time/Batch(ms) 366.50 | Train Loss 0.5279
Epoch 12 | Batch 480/680 | Time/Batch(ms) 372.82 | Train Loss 0.5426
Epoch 12 | Batch 510/680 | Time/Batch(ms) 359.82 | Train Loss 0.5194
Epoch 12 | Batch 540/680 | Time/Batch(ms) 329.18 | Train Loss 0.5284
Epoch 12 | Batch 570/680 | Time/Batch(ms) 358.52 | Train Loss 0.5343
Epoch 12 | Batch 600/680 | Time/Batch(ms) 348.05 | Train Loss 0.5351
Epoch 12 | Batch 630/680 | Time/Batch(ms) 343.08 | Train Loss 0.5284
Epoch 12 | Batch 660/680 | Time/Batch(ms) 332.47 | Train Loss 0.5637
--------------------------------------------------
Epoch 12 | Time 265.8509 sec | Valid Loss 0.5492 | Test Loss 0.5643
--------------------------------------------------
MAE:  0.56430733
Correlation Coefficient:  0.7216242968778692
mult_acc_7:  0.5252200042927667
mult_acc_5:  0.5398154110324104
F1 score:  0.8387272663103531
Accuracy:  0.8354430379746836
--------------------------------------------------
Epoch 13 | Batch  30/680 | Time/Batch(ms) 347.77 | Train Loss 0.5400
Epoch 13 | Batch  60/680 | Time/Batch(ms) 334.93 | Train Loss 0.5396
Epoch 13 | Batch  90/680 | Time/Batch(ms) 333.62 | Train Loss 0.5662
Epoch 13 | Batch 120/680 | Time/Batch(ms) 338.19 | Train Loss 0.5307
Epoch 13 | Batch 150/680 | Time/Batch(ms) 339.39 | Train Loss 0.5154
Epoch 13 | Batch 180/680 | Time/Batch(ms) 339.77 | Train Loss 0.5060
Epoch 13 | Batch 210/680 | Time/Batch(ms) 338.82 | Train Loss 0.5482
Epoch 13 | Batch 240/680 | Time/Batch(ms) 341.31 | Train Loss 0.5265
Epoch 13 | Batch 270/680 | Time/Batch(ms) 336.90 | Train Loss 0.5354
Epoch 13 | Batch 300/680 | Time/Batch(ms) 339.95 | Train Loss 0.4997
Epoch 13 | Batch 330/680 | Time/Batch(ms) 343.32 | Train Loss 0.5362
Epoch 13 | Batch 360/680 | Time/Batch(ms) 341.75 | Train Loss 0.5236
Epoch 13 | Batch 390/680 | Time/Batch(ms) 371.94 | Train Loss 0.5158
Epoch 13 | Batch 420/680 | Time/Batch(ms) 347.14 | Train Loss 0.5368
Epoch 13 | Batch 450/680 | Time/Batch(ms) 336.81 | Train Loss 0.5434
Epoch 13 | Batch 480/680 | Time/Batch(ms) 349.88 | Train Loss 0.5369
Epoch 13 | Batch 510/680 | Time/Batch(ms) 322.79 | Train Loss 0.5097
Epoch 13 | Batch 540/680 | Time/Batch(ms) 336.33 | Train Loss 0.5112
Epoch 13 | Batch 570/680 | Time/Batch(ms) 338.19 | Train Loss 0.5447
Epoch 13 | Batch 600/680 | Time/Batch(ms) 342.38 | Train Loss 0.5425
Epoch 13 | Batch 630/680 | Time/Batch(ms) 361.19 | Train Loss 0.5615
Epoch 13 | Batch 660/680 | Time/Batch(ms) 338.44 | Train Loss 0.5549
--------------------------------------------------
Epoch 13 | Time 263.6700 sec | Valid Loss 0.5555 | Test Loss 0.5696
--------------------------------------------------
MAE:  0.56959116
Correlation Coefficient:  0.7389638108129473
mult_acc_7:  0.532732345996995
mult_acc_5:  0.5516205194247693
F1 score:  0.8387708994442196
Accuracy:  0.8390203632361035
--------------------------------------------------
Epoch 14 | Batch  30/680 | Time/Batch(ms) 346.28 | Train Loss 0.5193
Epoch 14 | Batch  60/680 | Time/Batch(ms) 331.49 | Train Loss 0.5366
Epoch 14 | Batch  90/680 | Time/Batch(ms) 339.60 | Train Loss 0.5060
Epoch 14 | Batch 120/680 | Time/Batch(ms) 341.54 | Train Loss 0.5149
Epoch 14 | Batch 150/680 | Time/Batch(ms) 330.36 | Train Loss 0.5178
Epoch 14 | Batch 180/680 | Time/Batch(ms) 361.66 | Train Loss 0.5422
Epoch 14 | Batch 210/680 | Time/Batch(ms) 362.47 | Train Loss 0.5482
Epoch 14 | Batch 240/680 | Time/Batch(ms) 337.93 | Train Loss 0.5502
Epoch 14 | Batch 270/680 | Time/Batch(ms) 341.89 | Train Loss 0.5381
Epoch 14 | Batch 300/680 | Time/Batch(ms) 341.35 | Train Loss 0.5299
Epoch 14 | Batch 330/680 | Time/Batch(ms) 329.01 | Train Loss 0.5087
Epoch 14 | Batch 360/680 | Time/Batch(ms) 314.48 | Train Loss 0.5323
Epoch 14 | Batch 390/680 | Time/Batch(ms) 335.20 | Train Loss 0.5640
Epoch 14 | Batch 420/680 | Time/Batch(ms) 336.31 | Train Loss 0.4885
Epoch 14 | Batch 450/680 | Time/Batch(ms) 337.92 | Train Loss 0.5238
Epoch 14 | Batch 480/680 | Time/Batch(ms) 337.92 | Train Loss 0.5416
Epoch 14 | Batch 510/680 | Time/Batch(ms) 333.41 | Train Loss 0.5592
Epoch 14 | Batch 540/680 | Time/Batch(ms) 336.03 | Train Loss 0.5265
Epoch 14 | Batch 570/680 | Time/Batch(ms) 338.21 | Train Loss 0.4978
Epoch 14 | Batch 600/680 | Time/Batch(ms) 336.00 | Train Loss 0.5353
Epoch 14 | Batch 630/680 | Time/Batch(ms) 337.16 | Train Loss 0.5168
Epoch 14 | Batch 660/680 | Time/Batch(ms) 340.77 | Train Loss 0.5533
--------------------------------------------------
Epoch 14 | Time 262.4650 sec | Valid Loss 0.5567 | Test Loss 0.5688
--------------------------------------------------
MAE:  0.5687906
Correlation Coefficient:  0.7381398063399194
mult_acc_7:  0.5239321742863275
mult_acc_5:  0.5402446877012235
F1 score:  0.8442264437067749
Accuracy:  0.8428728673637864
--------------------------------------------------
Epoch 15 | Batch  30/680 | Time/Batch(ms) 339.66 | Train Loss 0.5314
Epoch 15 | Batch  60/680 | Time/Batch(ms) 333.18 | Train Loss 0.4968
Epoch 15 | Batch  90/680 | Time/Batch(ms) 341.15 | Train Loss 0.5020
Epoch 15 | Batch 120/680 | Time/Batch(ms) 319.63 | Train Loss 0.5596
Epoch 15 | Batch 150/680 | Time/Batch(ms) 335.52 | Train Loss 0.5219
Epoch 15 | Batch 180/680 | Time/Batch(ms) 340.13 | Train Loss 0.5154
Epoch 15 | Batch 210/680 | Time/Batch(ms) 335.34 | Train Loss 0.5105
Epoch 15 | Batch 240/680 | Time/Batch(ms) 335.13 | Train Loss 0.5032
Epoch 15 | Batch 270/680 | Time/Batch(ms) 337.49 | Train Loss 0.5291
Epoch 15 | Batch 300/680 | Time/Batch(ms) 334.48 | Train Loss 0.5348
Epoch 15 | Batch 330/680 | Time/Batch(ms) 323.68 | Train Loss 0.5239
Epoch 15 | Batch 360/680 | Time/Batch(ms) 337.30 | Train Loss 0.5308
Epoch 15 | Batch 390/680 | Time/Batch(ms) 334.95 | Train Loss 0.5314
Epoch 15 | Batch 420/680 | Time/Batch(ms) 336.25 | Train Loss 0.5546
Epoch 15 | Batch 450/680 | Time/Batch(ms) 336.63 | Train Loss 0.4906
Epoch 15 | Batch 480/680 | Time/Batch(ms) 341.22 | Train Loss 0.5088
Epoch 15 | Batch 510/680 | Time/Batch(ms) 340.97 | Train Loss 0.5137
Epoch 15 | Batch 540/680 | Time/Batch(ms) 332.25 | Train Loss 0.5475
Epoch 15 | Batch 570/680 | Time/Batch(ms) 346.48 | Train Loss 0.5229
Epoch 15 | Batch 600/680 | Time/Batch(ms) 346.51 | Train Loss 0.5083
Epoch 15 | Batch 630/680 | Time/Batch(ms) 360.26 | Train Loss 0.5200
Epoch 15 | Batch 660/680 | Time/Batch(ms) 331.47 | Train Loss 0.5315
--------------------------------------------------
Epoch 15 | Time 260.7304 sec | Valid Loss 0.5744 | Test Loss 0.5873
--------------------------------------------------
MAE:  0.58728516
Correlation Coefficient:  0.7407458083153019
mult_acc_7:  0.5168491092509122
mult_acc_5:  0.5441081777205409
F1 score:  0.848194661546831
Accuracy:  0.8456246560264171
--------------------------------------------------
Epoch 16 | Batch  30/680 | Time/Batch(ms) 346.53 | Train Loss 0.5261
Epoch 16 | Batch  60/680 | Time/Batch(ms) 334.20 | Train Loss 0.5113
Epoch 16 | Batch  90/680 | Time/Batch(ms) 337.34 | Train Loss 0.5408
Epoch 16 | Batch 120/680 | Time/Batch(ms) 330.55 | Train Loss 0.5663
Epoch 16 | Batch 150/680 | Time/Batch(ms) 335.39 | Train Loss 0.5322
Epoch 16 | Batch 180/680 | Time/Batch(ms) 337.38 | Train Loss 0.5035
Epoch 16 | Batch 210/680 | Time/Batch(ms) 338.10 | Train Loss 0.5022
Epoch 16 | Batch 240/680 | Time/Batch(ms) 341.11 | Train Loss 0.5398
Epoch 16 | Batch 270/680 | Time/Batch(ms) 339.52 | Train Loss 0.5306
Epoch 16 | Batch 300/680 | Time/Batch(ms) 333.61 | Train Loss 0.5120
Epoch 16 | Batch 330/680 | Time/Batch(ms) 339.71 | Train Loss 0.5554
Epoch 16 | Batch 360/680 | Time/Batch(ms) 335.61 | Train Loss 0.4945
Epoch 16 | Batch 390/680 | Time/Batch(ms) 332.76 | Train Loss 0.5548
Epoch 16 | Batch 420/680 | Time/Batch(ms) 339.04 | Train Loss 0.5137
Epoch 16 | Batch 450/680 | Time/Batch(ms) 355.01 | Train Loss 0.5357
Epoch 16 | Batch 480/680 | Time/Batch(ms) 345.42 | Train Loss 0.5050
Epoch 16 | Batch 510/680 | Time/Batch(ms) 335.15 | Train Loss 0.5227
Epoch 16 | Batch 540/680 | Time/Batch(ms) 337.26 | Train Loss 0.5253
Epoch 16 | Batch 570/680 | Time/Batch(ms) 336.91 | Train Loss 0.5159
Epoch 16 | Batch 600/680 | Time/Batch(ms) 332.75 | Train Loss 0.5107
Epoch 16 | Batch 630/680 | Time/Batch(ms) 338.44 | Train Loss 0.5244
Epoch 16 | Batch 660/680 | Time/Batch(ms) 330.73 | Train Loss 0.5517
--------------------------------------------------
Epoch 16 | Time 261.9871 sec | Valid Loss 0.5354 | Test Loss 0.5529
--------------------------------------------------
Saved model at pre_trained_models/mult.pt!
MAE:  0.55286676
Correlation Coefficient:  0.7428913224471373
mult_acc_7:  0.536381197681906
mult_acc_5:  0.5546254561064606
F1 score:  0.8252704834611445
Accuracy:  0.8269124931205284
--------------------------------------------------
Epoch 17 | Batch  30/680 | Time/Batch(ms) 361.43 | Train Loss 0.5367
Epoch 17 | Batch  60/680 | Time/Batch(ms) 333.34 | Train Loss 0.5193
Epoch 17 | Batch  90/680 | Time/Batch(ms) 336.82 | Train Loss 0.5374
Epoch 17 | Batch 120/680 | Time/Batch(ms) 335.87 | Train Loss 0.5181
Epoch 17 | Batch 150/680 | Time/Batch(ms) 340.96 | Train Loss 0.4697
Epoch 17 | Batch 180/680 | Time/Batch(ms) 309.86 | Train Loss 0.5234
Epoch 17 | Batch 210/680 | Time/Batch(ms) 317.42 | Train Loss 0.5419
Epoch 17 | Batch 240/680 | Time/Batch(ms) 347.18 | Train Loss 0.5095
Epoch 17 | Batch 270/680 | Time/Batch(ms) 339.50 | Train Loss 0.5382
Epoch 17 | Batch 300/680 | Time/Batch(ms) 355.09 | Train Loss 0.5218
Epoch 17 | Batch 330/680 | Time/Batch(ms) 342.38 | Train Loss 0.4952
Epoch 17 | Batch 360/680 | Time/Batch(ms) 328.66 | Train Loss 0.5000
Epoch 17 | Batch 390/680 | Time/Batch(ms) 332.79 | Train Loss 0.5284
Epoch 17 | Batch 420/680 | Time/Batch(ms) 336.52 | Train Loss 0.5278
Epoch 17 | Batch 450/680 | Time/Batch(ms) 342.57 | Train Loss 0.5397
Epoch 17 | Batch 480/680 | Time/Batch(ms) 339.05 | Train Loss 0.5144
Epoch 17 | Batch 510/680 | Time/Batch(ms) 338.22 | Train Loss 0.5233
Epoch 17 | Batch 540/680 | Time/Batch(ms) 338.97 | Train Loss 0.5533
Epoch 17 | Batch 570/680 | Time/Batch(ms) 336.91 | Train Loss 0.5266
Epoch 17 | Batch 600/680 | Time/Batch(ms) 339.08 | Train Loss 0.4970
Epoch 17 | Batch 630/680 | Time/Batch(ms) 339.05 | Train Loss 0.5158
Epoch 17 | Batch 660/680 | Time/Batch(ms) 340.15 | Train Loss 0.5133
--------------------------------------------------
Epoch 17 | Time 262.0636 sec | Valid Loss 0.5487 | Test Loss 0.5633
--------------------------------------------------
MAE:  0.56328577
Correlation Coefficient:  0.7372826519977226
mult_acc_7:  0.5286542176432711
mult_acc_5:  0.5481863060742649
F1 score:  0.8278299090273986
Accuracy:  0.8285635663181068
--------------------------------------------------
Epoch 18 | Batch  30/680 | Time/Batch(ms) 347.18 | Train Loss 0.5182
Epoch 18 | Batch  60/680 | Time/Batch(ms) 342.07 | Train Loss 0.5071
Epoch 18 | Batch  90/680 | Time/Batch(ms) 342.89 | Train Loss 0.5348
Epoch 18 | Batch 120/680 | Time/Batch(ms) 335.93 | Train Loss 0.5020
Epoch 18 | Batch 150/680 | Time/Batch(ms) 336.47 | Train Loss 0.5116
Epoch 18 | Batch 180/680 | Time/Batch(ms) 335.92 | Train Loss 0.5101
Epoch 18 | Batch 210/680 | Time/Batch(ms) 342.54 | Train Loss 0.5319
Epoch 18 | Batch 240/680 | Time/Batch(ms) 337.31 | Train Loss 0.4847
Epoch 18 | Batch 270/680 | Time/Batch(ms) 339.11 | Train Loss 0.5184
Epoch 18 | Batch 300/680 | Time/Batch(ms) 333.44 | Train Loss 0.4974
Epoch 18 | Batch 330/680 | Time/Batch(ms) 335.73 | Train Loss 0.4994
Epoch 18 | Batch 360/680 | Time/Batch(ms) 340.17 | Train Loss 0.5093
Epoch 18 | Batch 390/680 | Time/Batch(ms) 335.67 | Train Loss 0.5202
Epoch 18 | Batch 420/680 | Time/Batch(ms) 337.74 | Train Loss 0.5220
Epoch 18 | Batch 450/680 | Time/Batch(ms) 338.91 | Train Loss 0.5159
Epoch 18 | Batch 480/680 | Time/Batch(ms) 341.14 | Train Loss 0.5149
Epoch 18 | Batch 510/680 | Time/Batch(ms) 357.61 | Train Loss 0.5281
Epoch 18 | Batch 540/680 | Time/Batch(ms) 337.48 | Train Loss 0.5002
Epoch 18 | Batch 570/680 | Time/Batch(ms) 337.77 | Train Loss 0.5522
Epoch 18 | Batch 600/680 | Time/Batch(ms) 335.71 | Train Loss 0.5186
Epoch 18 | Batch 630/680 | Time/Batch(ms) 337.60 | Train Loss 0.5295
Epoch 18 | Batch 660/680 | Time/Batch(ms) 337.27 | Train Loss 0.5150
--------------------------------------------------
Epoch 18 | Time 262.6395 sec | Valid Loss 0.5410 | Test Loss 0.5612
--------------------------------------------------
MAE:  0.5611663
Correlation Coefficient:  0.7351617124769765
mult_acc_7:  0.5312298776561494
mult_acc_5:  0.5479716677398584
F1 score:  0.8461646312813936
Accuracy:  0.8439735828288387
--------------------------------------------------
Epoch 19 | Batch  30/680 | Time/Batch(ms) 342.20 | Train Loss 0.5071
Epoch 19 | Batch  60/680 | Time/Batch(ms) 335.32 | Train Loss 0.5283
Epoch 19 | Batch  90/680 | Time/Batch(ms) 335.46 | Train Loss 0.5382
Epoch 19 | Batch 120/680 | Time/Batch(ms) 336.32 | Train Loss 0.4987
Epoch 19 | Batch 150/680 | Time/Batch(ms) 337.54 | Train Loss 0.5073
Epoch 19 | Batch 180/680 | Time/Batch(ms) 341.54 | Train Loss 0.5209
Epoch 19 | Batch 210/680 | Time/Batch(ms) 345.12 | Train Loss 0.5253
Epoch 19 | Batch 240/680 | Time/Batch(ms) 340.35 | Train Loss 0.5215
Epoch 19 | Batch 270/680 | Time/Batch(ms) 343.75 | Train Loss 0.5175
Epoch 19 | Batch 300/680 | Time/Batch(ms) 337.74 | Train Loss 0.5314
Epoch 19 | Batch 330/680 | Time/Batch(ms) 338.36 | Train Loss 0.5080
Epoch 19 | Batch 360/680 | Time/Batch(ms) 332.44 | Train Loss 0.5079
Epoch 19 | Batch 390/680 | Time/Batch(ms) 337.13 | Train Loss 0.4991
Epoch 19 | Batch 420/680 | Time/Batch(ms) 319.61 | Train Loss 0.4913
Epoch 19 | Batch 450/680 | Time/Batch(ms) 318.65 | Train Loss 0.5227
Epoch 19 | Batch 480/680 | Time/Batch(ms) 331.50 | Train Loss 0.4931
Epoch 19 | Batch 510/680 | Time/Batch(ms) 338.87 | Train Loss 0.4925
Epoch 19 | Batch 540/680 | Time/Batch(ms) 337.82 | Train Loss 0.5097
Epoch 19 | Batch 570/680 | Time/Batch(ms) 337.63 | Train Loss 0.5281
Epoch 19 | Batch 600/680 | Time/Batch(ms) 338.37 | Train Loss 0.4922
Epoch 19 | Batch 630/680 | Time/Batch(ms) 339.16 | Train Loss 0.5179
Epoch 19 | Batch 660/680 | Time/Batch(ms) 340.49 | Train Loss 0.5149
--------------------------------------------------
Epoch 19 | Time 261.2602 sec | Valid Loss 0.5336 | Test Loss 0.5538
--------------------------------------------------
Saved model at pre_trained_models/mult.pt!
MAE:  0.5538022
Correlation Coefficient:  0.7381934612287732
mult_acc_7:  0.5297274093153037
mult_acc_5:  0.5462545610646061
F1 score:  0.8519603959558942
Accuracy:  0.848651623555311
--------------------------------------------------
Epoch 20 | Batch  30/680 | Time/Batch(ms) 360.18 | Train Loss 0.5194
Epoch 20 | Batch  60/680 | Time/Batch(ms) 340.63 | Train Loss 0.5204
Epoch 20 | Batch  90/680 | Time/Batch(ms) 339.61 | Train Loss 0.5006
Epoch 20 | Batch 120/680 | Time/Batch(ms) 342.00 | Train Loss 0.5128
Epoch 20 | Batch 150/680 | Time/Batch(ms) 339.64 | Train Loss 0.4965
Epoch 20 | Batch 180/680 | Time/Batch(ms) 338.79 | Train Loss 0.5099
Epoch 20 | Batch 210/680 | Time/Batch(ms) 335.63 | Train Loss 0.5451
Epoch 20 | Batch 240/680 | Time/Batch(ms) 335.97 | Train Loss 0.4986
Epoch 20 | Batch 270/680 | Time/Batch(ms) 311.87 | Train Loss 0.5160
Epoch 20 | Batch 300/680 | Time/Batch(ms) 309.71 | Train Loss 0.5287
Epoch 20 | Batch 330/680 | Time/Batch(ms) 327.74 | Train Loss 0.5041
Epoch 20 | Batch 360/680 | Time/Batch(ms) 336.72 | Train Loss 0.5042
Epoch 20 | Batch 390/680 | Time/Batch(ms) 335.69 | Train Loss 0.4904
Epoch 20 | Batch 420/680 | Time/Batch(ms) 335.44 | Train Loss 0.4908
Epoch 20 | Batch 450/680 | Time/Batch(ms) 336.27 | Train Loss 0.5391
Epoch 20 | Batch 480/680 | Time/Batch(ms) 340.45 | Train Loss 0.5014
Epoch 20 | Batch 510/680 | Time/Batch(ms) 332.50 | Train Loss 0.5141
Epoch 20 | Batch 540/680 | Time/Batch(ms) 338.15 | Train Loss 0.4965
Epoch 20 | Batch 570/680 | Time/Batch(ms) 336.92 | Train Loss 0.5430
Epoch 20 | Batch 600/680 | Time/Batch(ms) 338.22 | Train Loss 0.4695
Epoch 20 | Batch 630/680 | Time/Batch(ms) 319.40 | Train Loss 0.5383
Epoch 20 | Batch 660/680 | Time/Batch(ms) 318.85 | Train Loss 0.5284
--------------------------------------------------
Epoch 20 | Time 259.5359 sec | Valid Loss 0.5365 | Test Loss 0.5607
--------------------------------------------------
MAE:  0.5607004
Correlation Coefficient:  0.735485686688701
mult_acc_7:  0.5297274093153037
mult_acc_5:  0.5520497960935823
F1 score:  0.8414254816469554
Accuracy:  0.8414969730324711
--------------------------------------------------
Epoch 21 | Batch  30/680 | Time/Batch(ms) 345.97 | Train Loss 0.4924
Epoch 21 | Batch  60/680 | Time/Batch(ms) 308.39 | Train Loss 0.5248
Epoch 21 | Batch  90/680 | Time/Batch(ms) 320.67 | Train Loss 0.5190
Epoch 21 | Batch 120/680 | Time/Batch(ms) 328.88 | Train Loss 0.5130
Epoch 21 | Batch 150/680 | Time/Batch(ms) 335.81 | Train Loss 0.4990
Epoch 21 | Batch 180/680 | Time/Batch(ms) 335.32 | Train Loss 0.4828
Epoch 21 | Batch 210/680 | Time/Batch(ms) 329.61 | Train Loss 0.4918
Epoch 21 | Batch 240/680 | Time/Batch(ms) 335.58 | Train Loss 0.4882
Epoch 21 | Batch 270/680 | Time/Batch(ms) 340.43 | Train Loss 0.5015
Epoch 21 | Batch 300/680 | Time/Batch(ms) 350.40 | Train Loss 0.4782
Epoch 21 | Batch 330/680 | Time/Batch(ms) 345.18 | Train Loss 0.5046
Epoch 21 | Batch 360/680 | Time/Batch(ms) 340.16 | Train Loss 0.5093
Epoch 21 | Batch 390/680 | Time/Batch(ms) 337.89 | Train Loss 0.5164
Epoch 21 | Batch 420/680 | Time/Batch(ms) 337.55 | Train Loss 0.5180
Epoch 21 | Batch 450/680 | Time/Batch(ms) 337.35 | Train Loss 0.5414
Epoch 21 | Batch 480/680 | Time/Batch(ms) 341.04 | Train Loss 0.4792
Epoch 21 | Batch 510/680 | Time/Batch(ms) 339.69 | Train Loss 0.5513
Epoch 21 | Batch 540/680 | Time/Batch(ms) 338.04 | Train Loss 0.4961
Epoch 21 | Batch 570/680 | Time/Batch(ms) 342.15 | Train Loss 0.5080
Epoch 21 | Batch 600/680 | Time/Batch(ms) 337.17 | Train Loss 0.5218
Epoch 21 | Batch 630/680 | Time/Batch(ms) 339.69 | Train Loss 0.5022
Epoch 21 | Batch 660/680 | Time/Batch(ms) 328.40 | Train Loss 0.4908
--------------------------------------------------
Epoch 21 | Time 260.4384 sec | Valid Loss 0.5471 | Test Loss 0.5677
--------------------------------------------------
MAE:  0.56773823
Correlation Coefficient:  0.7255868923104379
mult_acc_7:  0.5265078342992059
mult_acc_5:  0.5430349860485083
F1 score:  0.8472514592443977
Accuracy:  0.8445239405613649
--------------------------------------------------
Epoch 22 | Batch  30/680 | Time/Batch(ms) 339.00 | Train Loss 0.5264
Epoch 22 | Batch  60/680 | Time/Batch(ms) 334.78 | Train Loss 0.5168
Epoch 22 | Batch  90/680 | Time/Batch(ms) 338.28 | Train Loss 0.5287
Epoch 22 | Batch 120/680 | Time/Batch(ms) 340.99 | Train Loss 0.4888
Epoch 22 | Batch 150/680 | Time/Batch(ms) 338.22 | Train Loss 0.4980
Epoch 22 | Batch 180/680 | Time/Batch(ms) 333.95 | Train Loss 0.4943
Epoch 22 | Batch 210/680 | Time/Batch(ms) 336.43 | Train Loss 0.5087
Epoch 22 | Batch 240/680 | Time/Batch(ms) 339.24 | Train Loss 0.5131
Epoch 22 | Batch 270/680 | Time/Batch(ms) 334.35 | Train Loss 0.5299
Epoch 22 | Batch 300/680 | Time/Batch(ms) 344.65 | Train Loss 0.5104
Epoch 22 | Batch 330/680 | Time/Batch(ms) 329.47 | Train Loss 0.4976
Epoch 22 | Batch 360/680 | Time/Batch(ms) 338.37 | Train Loss 0.4830
Epoch 22 | Batch 390/680 | Time/Batch(ms) 321.00 | Train Loss 0.5006
Epoch 22 | Batch 420/680 | Time/Batch(ms) 336.71 | Train Loss 0.4859
Epoch 22 | Batch 450/680 | Time/Batch(ms) 335.12 | Train Loss 0.5071
Epoch 22 | Batch 480/680 | Time/Batch(ms) 331.25 | Train Loss 0.4928
Epoch 22 | Batch 510/680 | Time/Batch(ms) 338.61 | Train Loss 0.5265
Epoch 22 | Batch 540/680 | Time/Batch(ms) 329.03 | Train Loss 0.5188
Epoch 22 | Batch 570/680 | Time/Batch(ms) 329.46 | Train Loss 0.4955
Epoch 22 | Batch 600/680 | Time/Batch(ms) 327.41 | Train Loss 0.5087
Epoch 22 | Batch 630/680 | Time/Batch(ms) 360.21 | Train Loss 0.5035
Epoch 22 | Batch 660/680 | Time/Batch(ms) 337.36 | Train Loss 0.5064
--------------------------------------------------
Epoch 22 | Time 260.2149 sec | Valid Loss 0.5475 | Test Loss 0.5563
--------------------------------------------------
MAE:  0.5563212
Correlation Coefficient:  0.7457544390772752
mult_acc_7:  0.5303713243185233
mult_acc_5:  0.5484009444086714
F1 score:  0.8364515898025028
Accuracy:  0.8376444689047882
--------------------------------------------------
Epoch 23 | Batch  30/680 | Time/Batch(ms) 349.93 | Train Loss 0.4964
Epoch 23 | Batch  60/680 | Time/Batch(ms) 337.24 | Train Loss 0.4595
Epoch 23 | Batch  90/680 | Time/Batch(ms) 338.51 | Train Loss 0.4801
Epoch 23 | Batch 120/680 | Time/Batch(ms) 335.64 | Train Loss 0.4742
Epoch 23 | Batch 150/680 | Time/Batch(ms) 337.76 | Train Loss 0.4848
Epoch 23 | Batch 180/680 | Time/Batch(ms) 335.15 | Train Loss 0.5334
Epoch 23 | Batch 210/680 | Time/Batch(ms) 335.28 | Train Loss 0.5367
Epoch 23 | Batch 240/680 | Time/Batch(ms) 331.68 | Train Loss 0.5215
Epoch 23 | Batch 270/680 | Time/Batch(ms) 330.80 | Train Loss 0.5036
Epoch 23 | Batch 300/680 | Time/Batch(ms) 336.38 | Train Loss 0.4980
Epoch 23 | Batch 330/680 | Time/Batch(ms) 358.46 | Train Loss 0.5095
Epoch 23 | Batch 360/680 | Time/Batch(ms) 331.68 | Train Loss 0.4861
Epoch 23 | Batch 390/680 | Time/Batch(ms) 318.76 | Train Loss 0.4969
Epoch 23 | Batch 420/680 | Time/Batch(ms) 322.63 | Train Loss 0.5235
Epoch 23 | Batch 450/680 | Time/Batch(ms) 323.93 | Train Loss 0.4904
Epoch 23 | Batch 480/680 | Time/Batch(ms) 338.59 | Train Loss 0.5114
Epoch 23 | Batch 510/680 | Time/Batch(ms) 335.53 | Train Loss 0.5337
Epoch 23 | Batch 540/680 | Time/Batch(ms) 343.60 | Train Loss 0.5003
Epoch 23 | Batch 570/680 | Time/Batch(ms) 354.98 | Train Loss 0.4586
Epoch 23 | Batch 600/680 | Time/Batch(ms) 335.78 | Train Loss 0.5057
Epoch 23 | Batch 630/680 | Time/Batch(ms) 322.31 | Train Loss 0.5378
Epoch 23 | Batch 660/680 | Time/Batch(ms) 319.94 | Train Loss 0.5106
--------------------------------------------------
Epoch 23 | Time 259.5897 sec | Valid Loss 0.5327 | Test Loss 0.5510
--------------------------------------------------
Saved model at pre_trained_models/mult.pt!
MAE:  0.5509624
Correlation Coefficient:  0.7375680930423842
mult_acc_7:  0.5292981326464906
mult_acc_5:  0.5438935393861344
F1 score:  0.8522570574651778
Accuracy:  0.848651623555311
--------------------------------------------------
Epoch 24 | Batch  30/680 | Time/Batch(ms) 338.15 | Train Loss 0.5099
Epoch 24 | Batch  60/680 | Time/Batch(ms) 357.76 | Train Loss 0.4629
Epoch 24 | Batch  90/680 | Time/Batch(ms) 365.55 | Train Loss 0.5397
Epoch 24 | Batch 120/680 | Time/Batch(ms) 371.43 | Train Loss 0.4985
Epoch 24 | Batch 150/680 | Time/Batch(ms) 365.04 | Train Loss 0.5112
Epoch 24 | Batch 180/680 | Time/Batch(ms) 316.79 | Train Loss 0.5131
Epoch 24 | Batch 210/680 | Time/Batch(ms) 354.04 | Train Loss 0.5082
Epoch 24 | Batch 240/680 | Time/Batch(ms) 368.39 | Train Loss 0.4851
Epoch 24 | Batch 270/680 | Time/Batch(ms) 360.24 | Train Loss 0.4736
Epoch 24 | Batch 300/680 | Time/Batch(ms) 342.17 | Train Loss 0.4844
Epoch 24 | Batch 330/680 | Time/Batch(ms) 336.12 | Train Loss 0.5085
Epoch 24 | Batch 360/680 | Time/Batch(ms) 340.51 | Train Loss 0.5253
Epoch 24 | Batch 390/680 | Time/Batch(ms) 341.58 | Train Loss 0.4682
Epoch 24 | Batch 420/680 | Time/Batch(ms) 359.57 | Train Loss 0.4686
Epoch 24 | Batch 450/680 | Time/Batch(ms) 325.03 | Train Loss 0.5049
Epoch 24 | Batch 480/680 | Time/Batch(ms) 336.94 | Train Loss 0.5172
Epoch 24 | Batch 510/680 | Time/Batch(ms) 338.58 | Train Loss 0.5224
Epoch 24 | Batch 540/680 | Time/Batch(ms) 336.37 | Train Loss 0.5150
Epoch 24 | Batch 570/680 | Time/Batch(ms) 314.91 | Train Loss 0.5192
Epoch 24 | Batch 600/680 | Time/Batch(ms) 337.34 | Train Loss 0.4859
Epoch 24 | Batch 630/680 | Time/Batch(ms) 343.17 | Train Loss 0.4934
Epoch 24 | Batch 660/680 | Time/Batch(ms) 336.29 | Train Loss 0.5007
--------------------------------------------------
Epoch 24 | Time 266.9768 sec | Valid Loss 0.5482 | Test Loss 0.5700
--------------------------------------------------
MAE:  0.57003045
Correlation Coefficient:  0.7305522169829782
mult_acc_7:  0.5312298776561494
mult_acc_5:  0.5518351577591758
F1 score:  0.8370453173996946
Accuracy:  0.8376444689047882
--------------------------------------------------
Epoch 25 | Batch  30/680 | Time/Batch(ms) 348.37 | Train Loss 0.5020
Epoch 25 | Batch  60/680 | Time/Batch(ms) 348.23 | Train Loss 0.4723
Epoch 25 | Batch  90/680 | Time/Batch(ms) 345.14 | Train Loss 0.4952
Epoch 25 | Batch 120/680 | Time/Batch(ms) 338.30 | Train Loss 0.4958
Epoch 25 | Batch 150/680 | Time/Batch(ms) 337.03 | Train Loss 0.5211
Epoch 25 | Batch 180/680 | Time/Batch(ms) 337.25 | Train Loss 0.5208
Epoch 25 | Batch 210/680 | Time/Batch(ms) 336.55 | Train Loss 0.4954
Epoch 25 | Batch 240/680 | Time/Batch(ms) 321.76 | Train Loss 0.4989
Epoch 25 | Batch 270/680 | Time/Batch(ms) 329.41 | Train Loss 0.4824
Epoch 25 | Batch 300/680 | Time/Batch(ms) 318.96 | Train Loss 0.5123
Epoch 25 | Batch 330/680 | Time/Batch(ms) 344.51 | Train Loss 0.4876
Epoch 25 | Batch 360/680 | Time/Batch(ms) 363.18 | Train Loss 0.5136
Epoch 25 | Batch 390/680 | Time/Batch(ms) 345.37 | Train Loss 0.5168
Epoch 25 | Batch 420/680 | Time/Batch(ms) 339.19 | Train Loss 0.5041
Epoch 25 | Batch 450/680 | Time/Batch(ms) 340.91 | Train Loss 0.4676
Epoch 25 | Batch 480/680 | Time/Batch(ms) 336.72 | Train Loss 0.4646
Epoch 25 | Batch 510/680 | Time/Batch(ms) 359.71 | Train Loss 0.5044
Epoch 25 | Batch 540/680 | Time/Batch(ms) 335.32 | Train Loss 0.5126
Epoch 25 | Batch 570/680 | Time/Batch(ms) 334.62 | Train Loss 0.5085
Epoch 25 | Batch 600/680 | Time/Batch(ms) 330.32 | Train Loss 0.4950
Epoch 25 | Batch 630/680 | Time/Batch(ms) 337.02 | Train Loss 0.4815
Epoch 25 | Batch 660/680 | Time/Batch(ms) 337.61 | Train Loss 0.4795
--------------------------------------------------
Epoch 25 | Time 263.0497 sec | Valid Loss 0.5516 | Test Loss 0.5682
--------------------------------------------------
MAE:  0.568163
Correlation Coefficient:  0.7432958616100015
mult_acc_7:  0.5312298776561494
mult_acc_5:  0.5507619660871431
F1 score:  0.8477276820525296
Accuracy:  0.8458998348926803
--------------------------------------------------
Epoch 26 | Batch  30/680 | Time/Batch(ms) 348.45 | Train Loss 0.4873
Epoch 26 | Batch  60/680 | Time/Batch(ms) 334.94 | Train Loss 0.4827
Epoch 26 | Batch  90/680 | Time/Batch(ms) 334.19 | Train Loss 0.5161
Epoch 26 | Batch 120/680 | Time/Batch(ms) 317.27 | Train Loss 0.4979
Epoch 26 | Batch 150/680 | Time/Batch(ms) 343.65 | Train Loss 0.4560
Epoch 26 | Batch 180/680 | Time/Batch(ms) 338.30 | Train Loss 0.4935
Epoch 26 | Batch 210/680 | Time/Batch(ms) 338.30 | Train Loss 0.4892
Epoch 26 | Batch 240/680 | Time/Batch(ms) 337.99 | Train Loss 0.4973
Epoch 26 | Batch 270/680 | Time/Batch(ms) 364.11 | Train Loss 0.4856
Epoch 26 | Batch 300/680 | Time/Batch(ms) 354.63 | Train Loss 0.5078
Epoch 26 | Batch 330/680 | Time/Batch(ms) 358.13 | Train Loss 0.4996
Epoch 26 | Batch 360/680 | Time/Batch(ms) 362.45 | Train Loss 0.5089
Epoch 26 | Batch 390/680 | Time/Batch(ms) 340.14 | Train Loss 0.5194
Epoch 26 | Batch 420/680 | Time/Batch(ms) 321.39 | Train Loss 0.4972
Epoch 26 | Batch 450/680 | Time/Batch(ms) 312.83 | Train Loss 0.5162
Epoch 26 | Batch 480/680 | Time/Batch(ms) 333.10 | Train Loss 0.4914
Epoch 26 | Batch 510/680 | Time/Batch(ms) 339.16 | Train Loss 0.4714
Epoch 26 | Batch 540/680 | Time/Batch(ms) 351.37 | Train Loss 0.5010
Epoch 26 | Batch 570/680 | Time/Batch(ms) 314.84 | Train Loss 0.4920
Epoch 26 | Batch 600/680 | Time/Batch(ms) 328.53 | Train Loss 0.4945
Epoch 26 | Batch 630/680 | Time/Batch(ms) 325.61 | Train Loss 0.5190
Epoch 26 | Batch 660/680 | Time/Batch(ms) 333.62 | Train Loss 0.5032
--------------------------------------------------
Epoch 26 | Time 262.2033 sec | Valid Loss 0.5389 | Test Loss 0.5515
--------------------------------------------------
MAE:  0.5514718
Correlation Coefficient:  0.7406480708992172
mult_acc_7:  0.5329469843314016
mult_acc_5:  0.5496887744151105
F1 score:  0.8456350535730741
Accuracy:  0.8442487616951018
--------------------------------------------------
Epoch 27 | Batch  30/680 | Time/Batch(ms) 347.83 | Train Loss 0.4862
Epoch 27 | Batch  60/680 | Time/Batch(ms) 338.02 | Train Loss 0.5276
Epoch 27 | Batch  90/680 | Time/Batch(ms) 342.02 | Train Loss 0.4703
Epoch 27 | Batch 120/680 | Time/Batch(ms) 333.53 | Train Loss 0.4716
Epoch 27 | Batch 150/680 | Time/Batch(ms) 329.63 | Train Loss 0.5159
Epoch 27 | Batch 180/680 | Time/Batch(ms) 337.36 | Train Loss 0.5124
Epoch 27 | Batch 210/680 | Time/Batch(ms) 344.98 | Train Loss 0.4816
Epoch 27 | Batch 240/680 | Time/Batch(ms) 337.32 | Train Loss 0.4741
Epoch 27 | Batch 270/680 | Time/Batch(ms) 338.45 | Train Loss 0.5085
Epoch 27 | Batch 300/680 | Time/Batch(ms) 338.81 | Train Loss 0.4807
Epoch 27 | Batch 330/680 | Time/Batch(ms) 337.67 | Train Loss 0.5127
Epoch 27 | Batch 360/680 | Time/Batch(ms) 331.25 | Train Loss 0.4987
Epoch 27 | Batch 390/680 | Time/Batch(ms) 339.26 | Train Loss 0.4765
Epoch 27 | Batch 420/680 | Time/Batch(ms) 364.13 | Train Loss 0.4809
Epoch 27 | Batch 450/680 | Time/Batch(ms) 369.97 | Train Loss 0.4978
Epoch 27 | Batch 480/680 | Time/Batch(ms) 366.97 | Train Loss 0.5201
Epoch 27 | Batch 510/680 | Time/Batch(ms) 370.25 | Train Loss 0.4771
Epoch 27 | Batch 540/680 | Time/Batch(ms) 365.64 | Train Loss 0.4887
Epoch 27 | Batch 570/680 | Time/Batch(ms) 365.57 | Train Loss 0.4867
Epoch 27 | Batch 600/680 | Time/Batch(ms) 360.63 | Train Loss 0.4814
Epoch 27 | Batch 630/680 | Time/Batch(ms) 331.45 | Train Loss 0.4846
Epoch 27 | Batch 660/680 | Time/Batch(ms) 338.96 | Train Loss 0.4982
--------------------------------------------------
Epoch 27 | Time 267.8562 sec | Valid Loss 0.5423 | Test Loss 0.5632
--------------------------------------------------
MAE:  0.56318194
Correlation Coefficient:  0.7370644095506933
mult_acc_7:  0.5284395793088645
mult_acc_5:  0.5456106460613865
F1 score:  0.846001701254713
Accuracy:  0.8442487616951018
--------------------------------------------------
Epoch 28 | Batch  30/680 | Time/Batch(ms) 343.63 | Train Loss 0.4862
Epoch 28 | Batch  60/680 | Time/Batch(ms) 336.24 | Train Loss 0.4777
Epoch 28 | Batch  90/680 | Time/Batch(ms) 336.27 | Train Loss 0.5199
Epoch 28 | Batch 120/680 | Time/Batch(ms) 338.60 | Train Loss 0.4991
Epoch 28 | Batch 150/680 | Time/Batch(ms) 329.98 | Train Loss 0.4860
Epoch 28 | Batch 180/680 | Time/Batch(ms) 332.32 | Train Loss 0.4655
Epoch 28 | Batch 210/680 | Time/Batch(ms) 322.38 | Train Loss 0.4845
Epoch 28 | Batch 240/680 | Time/Batch(ms) 327.27 | Train Loss 0.4707
Epoch 28 | Batch 270/680 | Time/Batch(ms) 325.67 | Train Loss 0.4743
Epoch 28 | Batch 300/680 | Time/Batch(ms) 323.61 | Train Loss 0.4795
Epoch 28 | Batch 330/680 | Time/Batch(ms) 325.03 | Train Loss 0.4705
Epoch 28 | Batch 360/680 | Time/Batch(ms) 338.78 | Train Loss 0.4839
Epoch 28 | Batch 390/680 | Time/Batch(ms) 342.71 | Train Loss 0.4904
Epoch 28 | Batch 420/680 | Time/Batch(ms) 354.26 | Train Loss 0.4938
Epoch 28 | Batch 450/680 | Time/Batch(ms) 325.31 | Train Loss 0.5032
Epoch 28 | Batch 480/680 | Time/Batch(ms) 328.27 | Train Loss 0.4843
Epoch 28 | Batch 510/680 | Time/Batch(ms) 335.95 | Train Loss 0.4894
Epoch 28 | Batch 540/680 | Time/Batch(ms) 360.21 | Train Loss 0.4736
Epoch 28 | Batch 570/680 | Time/Batch(ms) 343.55 | Train Loss 0.5253
Epoch 28 | Batch 600/680 | Time/Batch(ms) 339.47 | Train Loss 0.4830
Epoch 28 | Batch 630/680 | Time/Batch(ms) 336.66 | Train Loss 0.4997
Epoch 28 | Batch 660/680 | Time/Batch(ms) 334.60 | Train Loss 0.4830
--------------------------------------------------
Epoch 28 | Time 261.0005 sec | Valid Loss 0.5401 | Test Loss 0.5633
--------------------------------------------------
MAE:  0.5632547
Correlation Coefficient:  0.7346968532295014
mult_acc_7:  0.5267224726336124
mult_acc_5:  0.5447520927237605
F1 score:  0.8465523471008258
Accuracy:  0.8442487616951018
--------------------------------------------------
Epoch 29 | Batch  30/680 | Time/Batch(ms) 348.90 | Train Loss 0.4815
Epoch 29 | Batch  60/680 | Time/Batch(ms) 331.01 | Train Loss 0.4745
Epoch 29 | Batch  90/680 | Time/Batch(ms) 335.47 | Train Loss 0.5075
Epoch 29 | Batch 120/680 | Time/Batch(ms) 339.40 | Train Loss 0.5057
Epoch 29 | Batch 150/680 | Time/Batch(ms) 326.24 | Train Loss 0.4745
Epoch 29 | Batch 180/680 | Time/Batch(ms) 320.62 | Train Loss 0.4919
Epoch 29 | Batch 210/680 | Time/Batch(ms) 323.07 | Train Loss 0.4858
Epoch 29 | Batch 240/680 | Time/Batch(ms) 324.63 | Train Loss 0.4826
Epoch 29 | Batch 270/680 | Time/Batch(ms) 321.69 | Train Loss 0.4799
Epoch 29 | Batch 300/680 | Time/Batch(ms) 338.19 | Train Loss 0.4844
Epoch 29 | Batch 330/680 | Time/Batch(ms) 348.82 | Train Loss 0.4980
Epoch 29 | Batch 360/680 | Time/Batch(ms) 356.75 | Train Loss 0.5063
Epoch 29 | Batch 390/680 | Time/Batch(ms) 330.15 | Train Loss 0.5129
Epoch 29 | Batch 420/680 | Time/Batch(ms) 329.92 | Train Loss 0.5149
Epoch 29 | Batch 450/680 | Time/Batch(ms) 329.42 | Train Loss 0.5105
Epoch 29 | Batch 480/680 | Time/Batch(ms) 321.83 | Train Loss 0.4972
Epoch 29 | Batch 510/680 | Time/Batch(ms) 337.57 | Train Loss 0.4985
Epoch 29 | Batch 540/680 | Time/Batch(ms) 338.56 | Train Loss 0.4889
Epoch 29 | Batch 570/680 | Time/Batch(ms) 338.14 | Train Loss 0.4974
Epoch 29 | Batch 600/680 | Time/Batch(ms) 340.37 | Train Loss 0.4704
Epoch 29 | Batch 630/680 | Time/Batch(ms) 340.08 | Train Loss 0.4593
Epoch 29 | Batch 660/680 | Time/Batch(ms) 315.13 | Train Loss 0.4751
--------------------------------------------------
Epoch 29 | Time 259.0067 sec | Valid Loss 0.5638 | Test Loss 0.5682
--------------------------------------------------
MAE:  0.5682418
Correlation Coefficient:  0.7342355598029402
mult_acc_7:  0.527795664305645
mult_acc_5:  0.5443228160549474
F1 score:  0.8520072944534375
Accuracy:  0.8483764446890478
--------------------------------------------------
Epoch 30 | Batch  30/680 | Time/Batch(ms) 329.29 | Train Loss 0.4566
Epoch 30 | Batch  60/680 | Time/Batch(ms) 341.05 | Train Loss 0.4808
Epoch 30 | Batch  90/680 | Time/Batch(ms) 353.82 | Train Loss 0.4823
Epoch 30 | Batch 120/680 | Time/Batch(ms) 359.16 | Train Loss 0.4938
Epoch 30 | Batch 150/680 | Time/Batch(ms) 345.84 | Train Loss 0.5033
Epoch 30 | Batch 180/680 | Time/Batch(ms) 350.21 | Train Loss 0.4877
Epoch 30 | Batch 210/680 | Time/Batch(ms) 351.17 | Train Loss 0.4936
Epoch 30 | Batch 240/680 | Time/Batch(ms) 342.96 | Train Loss 0.5333
Epoch 30 | Batch 270/680 | Time/Batch(ms) 345.20 | Train Loss 0.4735
Epoch 30 | Batch 300/680 | Time/Batch(ms) 322.28 | Train Loss 0.4993
Epoch 30 | Batch 330/680 | Time/Batch(ms) 313.49 | Train Loss 0.4769
Epoch 30 | Batch 360/680 | Time/Batch(ms) 316.04 | Train Loss 0.4861
Epoch 30 | Batch 390/680 | Time/Batch(ms) 331.22 | Train Loss 0.5056
Epoch 30 | Batch 420/680 | Time/Batch(ms) 329.93 | Train Loss 0.4991
Epoch 30 | Batch 450/680 | Time/Batch(ms) 329.31 | Train Loss 0.4943
Epoch 30 | Batch 480/680 | Time/Batch(ms) 323.30 | Train Loss 0.4941
Epoch 30 | Batch 510/680 | Time/Batch(ms) 336.61 | Train Loss 0.4828
Epoch 30 | Batch 540/680 | Time/Batch(ms) 332.52 | Train Loss 0.4908
Epoch 30 | Batch 570/680 | Time/Batch(ms) 337.51 | Train Loss 0.4659
Epoch 30 | Batch 600/680 | Time/Batch(ms) 337.51 | Train Loss 0.4896
Epoch 30 | Batch 630/680 | Time/Batch(ms) 341.43 | Train Loss 0.4758
Epoch 30 | Batch 660/680 | Time/Batch(ms) 364.76 | Train Loss 0.4933
--------------------------------------------------
Epoch 30 | Time 262.1393 sec | Valid Loss 0.5488 | Test Loss 0.5648
--------------------------------------------------
MAE:  0.5648065
Correlation Coefficient:  0.7322359703891318
mult_acc_7:  0.5250053659583601
mult_acc_5:  0.5421764327108821
F1 score:  0.8468124293268171
Accuracy:  0.841221794166208
--------------------------------------------------
Epoch 31 | Batch  30/680 | Time/Batch(ms) 362.39 | Train Loss 0.4814
Epoch 31 | Batch  60/680 | Time/Batch(ms) 326.28 | Train Loss 0.4963
Epoch 31 | Batch  90/680 | Time/Batch(ms) 337.69 | Train Loss 0.4550
Epoch 31 | Batch 120/680 | Time/Batch(ms) 344.01 | Train Loss 0.5062
Epoch 31 | Batch 150/680 | Time/Batch(ms) 355.56 | Train Loss 0.4847
Epoch 31 | Batch 180/680 | Time/Batch(ms) 333.65 | Train Loss 0.4394
Epoch 31 | Batch 210/680 | Time/Batch(ms) 338.37 | Train Loss 0.4745
Epoch 31 | Batch 240/680 | Time/Batch(ms) 340.44 | Train Loss 0.4585
Epoch 31 | Batch 270/680 | Time/Batch(ms) 336.15 | Train Loss 0.4821
Epoch 31 | Batch 300/680 | Time/Batch(ms) 341.70 | Train Loss 0.4935
Epoch 31 | Batch 330/680 | Time/Batch(ms) 371.10 | Train Loss 0.4858
Epoch 31 | Batch 360/680 | Time/Batch(ms) 363.89 | Train Loss 0.4642
Epoch 31 | Batch 390/680 | Time/Batch(ms) 366.30 | Train Loss 0.4943
Epoch 31 | Batch 420/680 | Time/Batch(ms) 358.33 | Train Loss 0.4652
Epoch 31 | Batch 450/680 | Time/Batch(ms) 339.84 | Train Loss 0.5004
Epoch 31 | Batch 480/680 | Time/Batch(ms) 355.80 | Train Loss 0.4827
Epoch 31 | Batch 510/680 | Time/Batch(ms) 365.77 | Train Loss 0.4951
Epoch 31 | Batch 540/680 | Time/Batch(ms) 369.27 | Train Loss 0.4677
Epoch 31 | Batch 570/680 | Time/Batch(ms) 364.31 | Train Loss 0.5005
Epoch 31 | Batch 600/680 | Time/Batch(ms) 338.87 | Train Loss 0.5124
Epoch 31 | Batch 630/680 | Time/Batch(ms) 339.25 | Train Loss 0.5243
Epoch 31 | Batch 660/680 | Time/Batch(ms) 339.05 | Train Loss 0.5021
--------------------------------------------------
Epoch 31 | Time 270.0794 sec | Valid Loss 0.5470 | Test Loss 0.5631
--------------------------------------------------
MAE:  0.563124
Correlation Coefficient:  0.734986659523312
mult_acc_7:  0.5316591543249625
mult_acc_5:  0.549044859411891
F1 score:  0.8484967918284838
Accuracy:  0.8467253714914694
--------------------------------------------------
Epoch 32 | Batch  30/680 | Time/Batch(ms) 383.12 | Train Loss 0.4933
Epoch 32 | Batch  60/680 | Time/Batch(ms) 339.93 | Train Loss 0.4770
Epoch 32 | Batch  90/680 | Time/Batch(ms) 340.30 | Train Loss 0.4793
Epoch 32 | Batch 120/680 | Time/Batch(ms) 342.02 | Train Loss 0.4769
Epoch 32 | Batch 150/680 | Time/Batch(ms) 342.89 | Train Loss 0.4695
Epoch 32 | Batch 180/680 | Time/Batch(ms) 333.64 | Train Loss 0.4606
Epoch 32 | Batch 210/680 | Time/Batch(ms) 327.10 | Train Loss 0.4915
Epoch 32 | Batch 240/680 | Time/Batch(ms) 322.40 | Train Loss 0.4699
Epoch 32 | Batch 270/680 | Time/Batch(ms) 322.06 | Train Loss 0.4859
Epoch 32 | Batch 300/680 | Time/Batch(ms) 331.21 | Train Loss 0.4972
Epoch 32 | Batch 330/680 | Time/Batch(ms) 332.89 | Train Loss 0.4888
Epoch 32 | Batch 360/680 | Time/Batch(ms) 339.12 | Train Loss 0.4856
Epoch 32 | Batch 390/680 | Time/Batch(ms) 336.65 | Train Loss 0.4569
Epoch 32 | Batch 420/680 | Time/Batch(ms) 336.82 | Train Loss 0.4855
Epoch 32 | Batch 450/680 | Time/Batch(ms) 337.99 | Train Loss 0.4862
Epoch 32 | Batch 480/680 | Time/Batch(ms) 338.92 | Train Loss 0.4763
Epoch 32 | Batch 510/680 | Time/Batch(ms) 339.09 | Train Loss 0.4534
Epoch 32 | Batch 540/680 | Time/Batch(ms) 333.89 | Train Loss 0.4717
Epoch 32 | Batch 570/680 | Time/Batch(ms) 335.74 | Train Loss 0.5394
Epoch 32 | Batch 600/680 | Time/Batch(ms) 337.07 | Train Loss 0.4689
Epoch 32 | Batch 630/680 | Time/Batch(ms) 349.27 | Train Loss 0.4494
Epoch 32 | Batch 660/680 | Time/Batch(ms) 321.95 | Train Loss 0.5119
--------------------------------------------------
Epoch 32 | Time 261.1387 sec | Valid Loss 0.5520 | Test Loss 0.5756
--------------------------------------------------
MAE:  0.5755537
Correlation Coefficient:  0.7265230156401423
mult_acc_7:  0.5224297059454819
mult_acc_5:  0.5417471560420691
F1 score:  0.8449059988756236
Accuracy:  0.841221794166208
--------------------------------------------------
Epoch 33 | Batch  30/680 | Time/Batch(ms) 351.35 | Train Loss 0.4790
Epoch 33 | Batch  60/680 | Time/Batch(ms) 327.50 | Train Loss 0.4820
Epoch 33 | Batch  90/680 | Time/Batch(ms) 338.23 | Train Loss 0.4958
Epoch 33 | Batch 120/680 | Time/Batch(ms) 353.55 | Train Loss 0.4546
Epoch 33 | Batch 150/680 | Time/Batch(ms) 357.69 | Train Loss 0.4913
Epoch 33 | Batch 180/680 | Time/Batch(ms) 355.21 | Train Loss 0.4707
Epoch 33 | Batch 210/680 | Time/Batch(ms) 360.10 | Train Loss 0.4583
Epoch 33 | Batch 240/680 | Time/Batch(ms) 340.08 | Train Loss 0.4551
Epoch 33 | Batch 270/680 | Time/Batch(ms) 338.34 | Train Loss 0.4989
Epoch 33 | Batch 300/680 | Time/Batch(ms) 326.44 | Train Loss 0.4572
Epoch 33 | Batch 330/680 | Time/Batch(ms) 317.79 | Train Loss 0.4610
Epoch 33 | Batch 360/680 | Time/Batch(ms) 338.51 | Train Loss 0.4850
Epoch 33 | Batch 390/680 | Time/Batch(ms) 338.75 | Train Loss 0.5046
Epoch 33 | Batch 420/680 | Time/Batch(ms) 340.40 | Train Loss 0.4505
Epoch 33 | Batch 450/680 | Time/Batch(ms) 339.63 | Train Loss 0.4470
Epoch 33 | Batch 480/680 | Time/Batch(ms) 335.92 | Train Loss 0.4948
Epoch 33 | Batch 510/680 | Time/Batch(ms) 336.85 | Train Loss 0.4949
Epoch 33 | Batch 540/680 | Time/Batch(ms) 355.54 | Train Loss 0.4845
Epoch 33 | Batch 570/680 | Time/Batch(ms) 343.94 | Train Loss 0.4869
Epoch 33 | Batch 600/680 | Time/Batch(ms) 340.20 | Train Loss 0.4712
Epoch 33 | Batch 630/680 | Time/Batch(ms) 343.59 | Train Loss 0.4924
Epoch 33 | Batch 660/680 | Time/Batch(ms) 329.31 | Train Loss 0.4691
--------------------------------------------------
Epoch 33 | Time 264.7249 sec | Valid Loss 0.5464 | Test Loss 0.5621
--------------------------------------------------
MAE:  0.56206715
Correlation Coefficient:  0.7265277460584137
mult_acc_7:  0.5325177076625885
mult_acc_5:  0.5492594977462975
F1 score:  0.8304133623168829
Accuracy:  0.8304898183819482
--------------------------------------------------
Epoch 34 | Batch  30/680 | Time/Batch(ms) 348.18 | Train Loss 0.4655
Epoch 34 | Batch  60/680 | Time/Batch(ms) 338.72 | Train Loss 0.4708
Epoch 34 | Batch  90/680 | Time/Batch(ms) 337.42 | Train Loss 0.4450
Epoch 34 | Batch 120/680 | Time/Batch(ms) 331.00 | Train Loss 0.4768
Epoch 34 | Batch 150/680 | Time/Batch(ms) 337.41 | Train Loss 0.4991
Epoch 34 | Batch 180/680 | Time/Batch(ms) 336.53 | Train Loss 0.4493
Epoch 34 | Batch 210/680 | Time/Batch(ms) 334.39 | Train Loss 0.4772
Epoch 34 | Batch 240/680 | Time/Batch(ms) 344.33 | Train Loss 0.4818
Epoch 34 | Batch 270/680 | Time/Batch(ms) 338.75 | Train Loss 0.5167
Epoch 34 | Batch 300/680 | Time/Batch(ms) 337.46 | Train Loss 0.4544
Epoch 34 | Batch 330/680 | Time/Batch(ms) 336.22 | Train Loss 0.4873
Epoch 34 | Batch 360/680 | Time/Batch(ms) 337.04 | Train Loss 0.4594
Epoch 34 | Batch 390/680 | Time/Batch(ms) 338.37 | Train Loss 0.4698
Epoch 34 | Batch 420/680 | Time/Batch(ms) 335.36 | Train Loss 0.4947
Epoch 34 | Batch 450/680 | Time/Batch(ms) 334.23 | Train Loss 0.4704
Epoch 34 | Batch 480/680 | Time/Batch(ms) 336.94 | Train Loss 0.4883
Epoch 34 | Batch 510/680 | Time/Batch(ms) 335.10 | Train Loss 0.4780
Epoch 34 | Batch 540/680 | Time/Batch(ms) 336.32 | Train Loss 0.4507
Epoch 34 | Batch 570/680 | Time/Batch(ms) 324.91 | Train Loss 0.4854
Epoch 34 | Batch 600/680 | Time/Batch(ms) 329.59 | Train Loss 0.4902
Epoch 34 | Batch 630/680 | Time/Batch(ms) 334.33 | Train Loss 0.4761
Epoch 34 | Batch 660/680 | Time/Batch(ms) 336.76 | Train Loss 0.4868
--------------------------------------------------
Epoch 34 | Time 259.7999 sec | Valid Loss 0.5685 | Test Loss 0.5757
--------------------------------------------------
MAE:  0.5757198
Correlation Coefficient:  0.7321580146399105
mult_acc_7:  0.5235028976175145
mult_acc_5:  0.5417471560420691
F1 score:  0.8323781375080864
Accuracy:  0.8324160704457898
--------------------------------------------------
Epoch 35 | Batch  30/680 | Time/Batch(ms) 344.93 | Train Loss 0.4832
Epoch 35 | Batch  60/680 | Time/Batch(ms) 364.06 | Train Loss 0.4640
Epoch 35 | Batch  90/680 | Time/Batch(ms) 338.18 | Train Loss 0.4618
Epoch 35 | Batch 120/680 | Time/Batch(ms) 330.42 | Train Loss 0.4667
Epoch 35 | Batch 150/680 | Time/Batch(ms) 338.14 | Train Loss 0.4770
Epoch 35 | Batch 180/680 | Time/Batch(ms) 336.29 | Train Loss 0.4812
Epoch 35 | Batch 210/680 | Time/Batch(ms) 316.90 | Train Loss 0.4832
Epoch 35 | Batch 240/680 | Time/Batch(ms) 317.17 | Train Loss 0.4887
Epoch 35 | Batch 270/680 | Time/Batch(ms) 317.76 | Train Loss 0.4517
Epoch 35 | Batch 300/680 | Time/Batch(ms) 336.48 | Train Loss 0.4569
Epoch 35 | Batch 330/680 | Time/Batch(ms) 324.23 | Train Loss 0.4723
Epoch 35 | Batch 360/680 | Time/Batch(ms) 325.26 | Train Loss 0.4682
Epoch 35 | Batch 390/680 | Time/Batch(ms) 322.00 | Train Loss 0.4967
Epoch 35 | Batch 420/680 | Time/Batch(ms) 331.12 | Train Loss 0.5193
Epoch 35 | Batch 450/680 | Time/Batch(ms) 363.65 | Train Loss 0.4798
Epoch 35 | Batch 480/680 | Time/Batch(ms) 366.62 | Train Loss 0.4747
Epoch 35 | Batch 510/680 | Time/Batch(ms) 362.32 | Train Loss 0.4800
Epoch 35 | Batch 540/680 | Time/Batch(ms) 335.93 | Train Loss 0.4725
Epoch 35 | Batch 570/680 | Time/Batch(ms) 330.74 | Train Loss 0.4584
Epoch 35 | Batch 600/680 | Time/Batch(ms) 328.87 | Train Loss 0.4784
Epoch 35 | Batch 630/680 | Time/Batch(ms) 335.42 | Train Loss 0.4775
Epoch 35 | Batch 660/680 | Time/Batch(ms) 308.34 | Train Loss 0.4742
--------------------------------------------------
Epoch 35 | Time 259.2929 sec | Valid Loss 0.5499 | Test Loss 0.5665
--------------------------------------------------
MAE:  0.5665209
Correlation Coefficient:  0.7094247907461585
mult_acc_7:  0.5301566859841168
mult_acc_5:  0.5464691993990126
F1 score:  0.8122841814864534
Accuracy:  0.8142542652724271
--------------------------------------------------
Epoch 36 | Batch  30/680 | Time/Batch(ms) 319.94 | Train Loss 0.4449
Epoch 36 | Batch  60/680 | Time/Batch(ms) 313.60 | Train Loss 0.4645
Epoch 36 | Batch  90/680 | Time/Batch(ms) 337.29 | Train Loss 0.4817
Epoch 36 | Batch 120/680 | Time/Batch(ms) 338.96 | Train Loss 0.4688
Epoch 36 | Batch 150/680 | Time/Batch(ms) 337.41 | Train Loss 0.5004
Epoch 36 | Batch 180/680 | Time/Batch(ms) 366.44 | Train Loss 0.4796
Epoch 36 | Batch 210/680 | Time/Batch(ms) 352.01 | Train Loss 0.4768
Epoch 36 | Batch 240/680 | Time/Batch(ms) 340.04 | Train Loss 0.4577
Epoch 36 | Batch 270/680 | Time/Batch(ms) 331.78 | Train Loss 0.4617
Epoch 36 | Batch 300/680 | Time/Batch(ms) 337.42 | Train Loss 0.4784
Epoch 36 | Batch 330/680 | Time/Batch(ms) 338.53 | Train Loss 0.4791
Epoch 36 | Batch 360/680 | Time/Batch(ms) 332.03 | Train Loss 0.4982
Epoch 36 | Batch 390/680 | Time/Batch(ms) 335.97 | Train Loss 0.4850
Epoch 36 | Batch 420/680 | Time/Batch(ms) 338.76 | Train Loss 0.5146
Epoch 36 | Batch 450/680 | Time/Batch(ms) 339.30 | Train Loss 0.4646
Epoch 36 | Batch 480/680 | Time/Batch(ms) 336.59 | Train Loss 0.4619
Epoch 36 | Batch 510/680 | Time/Batch(ms) 336.34 | Train Loss 0.4862
Epoch 36 | Batch 540/680 | Time/Batch(ms) 339.86 | Train Loss 0.4815
Epoch 36 | Batch 570/680 | Time/Batch(ms) 336.84 | Train Loss 0.4747
Epoch 36 | Batch 600/680 | Time/Batch(ms) 323.61 | Train Loss 0.4739
Epoch 36 | Batch 630/680 | Time/Batch(ms) 342.27 | Train Loss 0.4676
Epoch 36 | Batch 660/680 | Time/Batch(ms) 367.80 | Train Loss 0.4583
--------------------------------------------------
Epoch 36 | Time 262.6862 sec | Valid Loss 0.5606 | Test Loss 0.5754
--------------------------------------------------
MAE:  0.575435
Correlation Coefficient:  0.7359410539570583
mult_acc_7:  0.518780854260571
mult_acc_5:  0.5400300493668169
F1 score:  0.8460961929316637
Accuracy:  0.8442487616951018
--------------------------------------------------
Epoch 37 | Batch  30/680 | Time/Batch(ms) 375.24 | Train Loss 0.4527
Epoch 37 | Batch  60/680 | Time/Batch(ms) 364.48 | Train Loss 0.4498
Epoch 37 | Batch  90/680 | Time/Batch(ms) 367.52 | Train Loss 0.4559
Epoch 37 | Batch 120/680 | Time/Batch(ms) 368.86 | Train Loss 0.4599
Epoch 37 | Batch 150/680 | Time/Batch(ms) 365.38 | Train Loss 0.4701
Epoch 37 | Batch 180/680 | Time/Batch(ms) 348.97 | Train Loss 0.4706
Epoch 37 | Batch 210/680 | Time/Batch(ms) 346.04 | Train Loss 0.4747
Epoch 37 | Batch 240/680 | Time/Batch(ms) 328.64 | Train Loss 0.4506
Epoch 37 | Batch 270/680 | Time/Batch(ms) 364.60 | Train Loss 0.4704
Epoch 37 | Batch 300/680 | Time/Batch(ms) 365.47 | Train Loss 0.4974
Epoch 37 | Batch 330/680 | Time/Batch(ms) 342.45 | Train Loss 0.4543
Epoch 37 | Batch 360/680 | Time/Batch(ms) 336.31 | Train Loss 0.4689
Epoch 37 | Batch 390/680 | Time/Batch(ms) 336.20 | Train Loss 0.4882
Epoch 37 | Batch 420/680 | Time/Batch(ms) 337.62 | Train Loss 0.4917
Epoch 37 | Batch 450/680 | Time/Batch(ms) 336.93 | Train Loss 0.4830
Epoch 37 | Batch 480/680 | Time/Batch(ms) 336.96 | Train Loss 0.4632
Epoch 37 | Batch 510/680 | Time/Batch(ms) 332.11 | Train Loss 0.4727
Epoch 37 | Batch 540/680 | Time/Batch(ms) 329.16 | Train Loss 0.4505
Epoch 37 | Batch 570/680 | Time/Batch(ms) 334.26 | Train Loss 0.4624
Epoch 37 | Batch 600/680 | Time/Batch(ms) 338.39 | Train Loss 0.5002
Epoch 37 | Batch 630/680 | Time/Batch(ms) 322.10 | Train Loss 0.4644
Epoch 37 | Batch 660/680 | Time/Batch(ms) 338.39 | Train Loss 0.4942
--------------------------------------------------
Epoch 37 | Time 266.7562 sec | Valid Loss 0.5595 | Test Loss 0.5778
--------------------------------------------------
MAE:  0.5777958
Correlation Coefficient:  0.7263319977578975
mult_acc_7:  0.5179223009229449
mult_acc_5:  0.5380983043571582
F1 score:  0.8459531499018509
Accuracy:  0.845074298293891
--------------------------------------------------
Epoch 38 | Batch  30/680 | Time/Batch(ms) 342.52 | Train Loss 0.4489
Epoch 38 | Batch  60/680 | Time/Batch(ms) 339.47 | Train Loss 0.4266
Epoch 38 | Batch  90/680 | Time/Batch(ms) 338.04 | Train Loss 0.4262
Epoch 38 | Batch 120/680 | Time/Batch(ms) 337.83 | Train Loss 0.5124
Epoch 38 | Batch 150/680 | Time/Batch(ms) 356.40 | Train Loss 0.4513
Epoch 38 | Batch 180/680 | Time/Batch(ms) 366.62 | Train Loss 0.4992
Epoch 38 | Batch 210/680 | Time/Batch(ms) 332.25 | Train Loss 0.4564
Epoch 38 | Batch 240/680 | Time/Batch(ms) 336.12 | Train Loss 0.4735
Epoch 38 | Batch 270/680 | Time/Batch(ms) 334.95 | Train Loss 0.4628
Epoch 38 | Batch 300/680 | Time/Batch(ms) 335.25 | Train Loss 0.4487
Epoch 38 | Batch 330/680 | Time/Batch(ms) 335.10 | Train Loss 0.4720
Epoch 38 | Batch 360/680 | Time/Batch(ms) 327.90 | Train Loss 0.4812
Epoch 38 | Batch 390/680 | Time/Batch(ms) 351.17 | Train Loss 0.4808
Epoch 38 | Batch 420/680 | Time/Batch(ms) 364.53 | Train Loss 0.4845
Epoch 38 | Batch 450/680 | Time/Batch(ms) 365.41 | Train Loss 0.4751
Epoch 38 | Batch 480/680 | Time/Batch(ms) 364.12 | Train Loss 0.4543
Epoch 38 | Batch 510/680 | Time/Batch(ms) 343.24 | Train Loss 0.4585
Epoch 38 | Batch 540/680 | Time/Batch(ms) 336.47 | Train Loss 0.4767
Epoch 38 | Batch 570/680 | Time/Batch(ms) 339.12 | Train Loss 0.4603
Epoch 38 | Batch 600/680 | Time/Batch(ms) 323.71 | Train Loss 0.4583
Epoch 38 | Batch 630/680 | Time/Batch(ms) 322.45 | Train Loss 0.4623
Epoch 38 | Batch 660/680 | Time/Batch(ms) 325.37 | Train Loss 0.4887
--------------------------------------------------
Epoch 38 | Time 264.4107 sec | Valid Loss 0.5478 | Test Loss 0.5662
--------------------------------------------------
MAE:  0.5661979
Correlation Coefficient:  0.7263441550541135
mult_acc_7:  0.5260785576303928
mult_acc_5:  0.5436789010517279
F1 score:  0.8402717653342767
Accuracy:  0.8384700055035773
--------------------------------------------------
Epoch 39 | Batch  30/680 | Time/Batch(ms) 374.37 | Train Loss 0.4510
Epoch 39 | Batch  60/680 | Time/Batch(ms) 351.39 | Train Loss 0.4741
Epoch 39 | Batch  90/680 | Time/Batch(ms) 340.49 | Train Loss 0.4669
Epoch 39 | Batch 120/680 | Time/Batch(ms) 339.16 | Train Loss 0.4565
Epoch 39 | Batch 150/680 | Time/Batch(ms) 340.74 | Train Loss 0.4310
Epoch 39 | Batch 180/680 | Time/Batch(ms) 333.01 | Train Loss 0.4729
Epoch 39 | Batch 210/680 | Time/Batch(ms) 317.53 | Train Loss 0.4866
Epoch 39 | Batch 240/680 | Time/Batch(ms) 343.78 | Train Loss 0.4729
Epoch 39 | Batch 270/680 | Time/Batch(ms) 360.20 | Train Loss 0.4658
Epoch 39 | Batch 300/680 | Time/Batch(ms) 341.91 | Train Loss 0.4824
Epoch 39 | Batch 330/680 | Time/Batch(ms) 342.18 | Train Loss 0.4716
Epoch 39 | Batch 360/680 | Time/Batch(ms) 337.29 | Train Loss 0.4395
Epoch 39 | Batch 390/680 | Time/Batch(ms) 337.71 | Train Loss 0.4367
Epoch 39 | Batch 420/680 | Time/Batch(ms) 338.43 | Train Loss 0.4971
Epoch 39 | Batch 450/680 | Time/Batch(ms) 363.87 | Train Loss 0.4850
Epoch 39 | Batch 480/680 | Time/Batch(ms) 368.86 | Train Loss 0.4784
Epoch 39 | Batch 510/680 | Time/Batch(ms) 346.46 | Train Loss 0.4575
Epoch 39 | Batch 540/680 | Time/Batch(ms) 336.80 | Train Loss 0.4418
Epoch 39 | Batch 570/680 | Time/Batch(ms) 340.03 | Train Loss 0.4694
Epoch 39 | Batch 600/680 | Time/Batch(ms) 337.17 | Train Loss 0.4675
Epoch 39 | Batch 630/680 | Time/Batch(ms) 336.64 | Train Loss 0.4652
Epoch 39 | Batch 660/680 | Time/Batch(ms) 340.96 | Train Loss 0.4470
--------------------------------------------------
Epoch 39 | Time 266.2214 sec | Valid Loss 0.5796 | Test Loss 0.5932
--------------------------------------------------
MAE:  0.5932004
Correlation Coefficient:  0.7119693922029373
mult_acc_7:  0.5159905559132861
mult_acc_5:  0.5391714960291908
F1 score:  0.8197996847037713
Accuracy:  0.8211337369290038
--------------------------------------------------
Epoch 40 | Batch  30/680 | Time/Batch(ms) 348.57 | Train Loss 0.4648
Epoch 40 | Batch  60/680 | Time/Batch(ms) 337.17 | Train Loss 0.4624
Epoch 40 | Batch  90/680 | Time/Batch(ms) 336.15 | Train Loss 0.4417
Epoch 40 | Batch 120/680 | Time/Batch(ms) 328.81 | Train Loss 0.4369
Epoch 40 | Batch 150/680 | Time/Batch(ms) 308.11 | Train Loss 0.4426
Epoch 40 | Batch 180/680 | Time/Batch(ms) 307.52 | Train Loss 0.4650
Epoch 40 | Batch 210/680 | Time/Batch(ms) 315.46 | Train Loss 0.4505
Epoch 40 | Batch 240/680 | Time/Batch(ms) 314.06 | Train Loss 0.4866
Epoch 40 | Batch 270/680 | Time/Batch(ms) 331.00 | Train Loss 0.4527
Epoch 40 | Batch 300/680 | Time/Batch(ms) 340.80 | Train Loss 0.4817
Epoch 40 | Batch 330/680 | Time/Batch(ms) 335.64 | Train Loss 0.4332
Epoch 40 | Batch 360/680 | Time/Batch(ms) 338.54 | Train Loss 0.4533
Epoch 40 | Batch 390/680 | Time/Batch(ms) 356.59 | Train Loss 0.4657
Epoch 40 | Batch 420/680 | Time/Batch(ms) 366.17 | Train Loss 0.4650
Epoch 40 | Batch 450/680 | Time/Batch(ms) 342.83 | Train Loss 0.4491
Epoch 40 | Batch 480/680 | Time/Batch(ms) 327.05 | Train Loss 0.4523
Epoch 40 | Batch 510/680 | Time/Batch(ms) 326.27 | Train Loss 0.4807
Epoch 40 | Batch 540/680 | Time/Batch(ms) 351.64 | Train Loss 0.4769
Epoch 40 | Batch 570/680 | Time/Batch(ms) 336.85 | Train Loss 0.4843
Epoch 40 | Batch 600/680 | Time/Batch(ms) 337.34 | Train Loss 0.4644
Epoch 40 | Batch 630/680 | Time/Batch(ms) 338.27 | Train Loss 0.4610
Epoch 40 | Batch 660/680 | Time/Batch(ms) 338.97 | Train Loss 0.4769
--------------------------------------------------
Epoch 40 | Time 260.6124 sec | Valid Loss 0.5611 | Test Loss 0.5685
--------------------------------------------------
MAE:  0.5684842
Correlation Coefficient:  0.7282278742224727
mult_acc_7:  0.5252200042927667
mult_acc_5:  0.5432496243829148
F1 score:  0.8215052310605724
Accuracy:  0.8225096312603192
--------------------------------------------------
[Press Any Key to start another run]Traceback (most recent call last):
  File "main.py", line 156, in <module>
    test_loss = train.initiate(hyp_params, train_loader, valid_loader, test_loader)
  File "/home/pc/aibot/BAS/my_code/Multimodal-Transformer/src/train.py", line 51, in initiate
    return train_model(settings, hyp_params, train_loader, valid_loader, test_loader)
  File "/home/pc/aibot/BAS/my_code/Multimodal-Transformer/src/train.py", line 199, in train_model
    input('[Press Any Key to start another run]')
OSError: [Errno 9] Bad file descriptor
